/home/alex/git/intfeat/.venv/lib/python3.12/site-packages/joblib/_multiprocessing_helpers.py:44: UserWarning: [Errno 13] Permission denied.  joblib will operate in serial mode
  warnings.warn("%s.  joblib will operate in serial mode" % (e,))
Loaded rows [0, 400000) in 8.3s
Loaded rows [400000, 800000) in 8.8s
Loaded rows [800000, 1200000) in 9.4s
[I 2026-02-11 00:28:53,913] Using an existing study with name 'sl_optuna_u_exp_valley_400k_60t' instead of creating a new one.
Study 'sl_optuna_u_exp_valley_400k_60t': completed_before=9, target=25, running_now=16
/home/alex/git/intfeat/.venv/lib/python3.12/site-packages/torch/cuda/__init__.py:182: UserWarning: CUDA initialization: The NVIDIA driver on your system is too old (found version 11040). Please update your GPU driver by downloading and installing a new version from the URL: http://www.nvidia.com/Download/index.aspx Alternatively, go to: https://pytorch.org to install a PyTorch version that has been compiled with your version of the CUDA driver. (Triggered internally at /pytorch/c10/cuda/CUDAFunctions.cpp:109.)
  return torch._C._cuda_getDeviceCount() > 0
[I 2026-02-11 00:30:39,377] Trial 10 finished with value: 0.5013175480464122 and parameters: {'lr': 0.0005611516415334506, 'weight_decay': 0.005061576888752304, 'sl_u0': 0.7319939418114051, 'sl_left_slope': 2.385234757844707, 'sl_right_slope': 0.22856175997064762}. Best is trial 4 with value: 0.4720136818700594.
[I 2026-02-11 00:32:25,688] Trial 11 finished with value: 0.4902589883746054 and parameters: {'lr': 0.008154094133121435, 'weight_decay': 7.293169423146497e-05, 'sl_u0': 0.30769421145026227, 'sl_left_slope': 0.10998433026335937, 'sl_right_slope': 2.9707276884724814}. Best is trial 4 with value: 0.4720136818700594.
[I 2026-02-11 00:34:10,700] Trial 12 finished with value: 0.4730450066281983 and parameters: {'lr': 0.0015984633369224026, 'weight_decay': 1.197036457514564e-08, 'sl_u0': 0.28351578005428785, 'sl_left_slope': 15.100373251274034, 'sl_right_slope': 19.559766595212373}. Best is trial 4 with value: 0.4720136818700594.
[I 2026-02-11 00:35:56,003] Trial 13 finished with value: 0.4728975031122926 and parameters: {'lr': 0.0013706961806744461, 'weight_decay': 1.13321858398798e-08, 'sl_u0': 0.28585430844509924, 'sl_left_slope': 0.4703806793500386, 'sl_right_slope': 15.99537726298827}. Best is trial 4 with value: 0.4720136818700594.
[I 2026-02-11 00:37:42,351] Trial 14 finished with value: 0.4730867591956626 and parameters: {'lr': 0.0009753701623119472, 'weight_decay': 5.128749853748745e-06, 'sl_u0': 0.29929659114120544, 'sl_left_slope': 0.6106031945690295, 'sl_right_slope': 6.299412417885894}. Best is trial 4 with value: 0.4720136818700594.
[I 2026-02-11 00:39:27,983] Trial 15 finished with value: 0.47712258158327664 and parameters: {'lr': 0.002601556495781551, 'weight_decay': 0.0001371575145876111, 'sl_u0': 0.38626766023800674, 'sl_left_slope': 0.31513161196445794, 'sl_right_slope': 1.706824798744809}. Best is trial 4 with value: 0.4720136818700594.
[I 2026-02-11 00:41:13,765] Trial 16 finished with value: 0.47381939453120586 and parameters: {'lr': 0.0007010478624133058, 'weight_decay': 6.265738183140043e-08, 'sl_u0': 0.18755813514547875, 'sl_left_slope': 0.4172941555435218, 'sl_right_slope': 0.9575599204865287}. Best is trial 4 with value: 0.4720136818700594.
[I 2026-02-11 00:42:59,132] Trial 17 finished with value: 0.5102825264415438 and parameters: {'lr': 0.009970682275036459, 'weight_decay': 9.22703778583463e-07, 'sl_u0': 0.42285364995906627, 'sl_left_slope': 0.15366297855374833, 'sl_right_slope': 8.750311825402193}. Best is trial 4 with value: 0.4720136818700594.
[I 2026-02-11 00:44:45,761] Trial 18 finished with value: 0.4723594316839724 and parameters: {'lr': 0.0015902167191390057, 'weight_decay': 1.1990627027317798e-08, 'sl_u0': 0.19822128908475659, 'sl_left_slope': 0.9290465976704276, 'sl_right_slope': 2.4820613991818576}. Best is trial 4 with value: 0.4720136818700594.
[I 2026-02-11 00:46:32,893] Trial 19 finished with value: 0.4763395560783455 and parameters: {'lr': 0.002993806985617494, 'weight_decay': 2.112721369879857e-07, 'sl_u0': 0.6265714278604028, 'sl_left_slope': 0.9896051548305309, 'sl_right_slope': 2.3286793396269085}. Best is trial 4 with value: 0.4720136818700594.
[I 2026-02-11 00:48:17,948] Trial 20 finished with value: 0.4758024080241665 and parameters: {'lr': 0.00039181464365068883, 'weight_decay': 8.143237804647453e-05, 'sl_u0': 0.1629778394748399, 'sl_left_slope': 4.265162547761656, 'sl_right_slope': 0.7662930458744734}. Best is trial 4 with value: 0.4720136818700594.
[I 2026-02-11 00:50:04,211] Trial 21 finished with value: 0.4839021697616292 and parameters: {'lr': 0.005427577528242959, 'weight_decay': 2.2967461822734e-06, 'sl_u0': 0.19550163633933315, 'sl_left_slope': 0.841419794579748, 'sl_right_slope': 1.5993163126368224}. Best is trial 4 with value: 0.4720136818700594.
[I 2026-02-11 00:51:49,188] Trial 22 finished with value: 0.4724460883965874 and parameters: {'lr': 0.0017277330490591358, 'weight_decay': 1.0049558209528846e-08, 'sl_u0': 0.23906039050522054, 'sl_left_slope': 0.5684654348333907, 'sl_right_slope': 9.507802429686754}. Best is trial 4 with value: 0.4720136818700594.
[I 2026-02-11 00:53:33,528] Trial 23 finished with value: 0.4742377134935538 and parameters: {'lr': 0.0024311006979689602, 'weight_decay': 3.949513301347032e-08, 'sl_u0': 0.3826788526827468, 'sl_left_slope': 0.22704736829538574, 'sl_right_slope': 7.648308520757471}. Best is trial 4 with value: 0.4720136818700594.
[I 2026-02-11 00:55:18,784] Trial 24 finished with value: 0.4726045214015737 and parameters: {'lr': 0.001046817308028992, 'weight_decay': 3.5686838660374125e-08, 'sl_u0': 0.1438925480559861, 'sl_left_slope': 0.6722102186421303, 'sl_right_slope': 4.519201119122933}. Best is trial 4 with value: 0.4720136818700594.
[I 2026-02-11 00:57:05,037] Trial 25 finished with value: 0.4725738497426857 and parameters: {'lr': 0.0017652700572031268, 'weight_decay': 2.4054557909513305e-07, 'sl_u0': 0.23414153876264784, 'sl_left_slope': 0.21487051222612, 'sl_right_slope': 2.231202207683777}. Best is trial 4 with value: 0.4720136818700594.
RESULT sl_integer_basis best_trial_val_logloss= 0.472014 final_val_logloss= 0.472014 final_test_logloss= 0.466765
Wrote summary: journal/2026-02-11_sl_optuna_u_exp_valley_continue_400k_to25/results.json
Wrote checkpoint: journal/2026-02-11_sl_optuna_u_exp_valley_continue_400k_to25/checkpoint.json
