/home/alex/git/intfeat/.venv/lib/python3.12/site-packages/joblib/_multiprocessing_helpers.py:44: UserWarning: [Errno 13] Permission denied.  joblib will operate in serial mode
  warnings.warn("%s.  joblib will operate in serial mode" % (e,))

===== Variant: baseline_winner =====
Loaded rows [0, 1000000) in 21.1s
Loaded rows [1000000, 1200000) in 5.2s
Tuning rows: train=1000000 val=200000 (full train=1000000, full val=200000)
[I 2026-02-11 09:53:25,647] A new study created in RDB with name: criteo_1m200k_transfer_uvalley_fixed_baseline_winner
Study 'criteo_1m200k_transfer_uvalley_fixed_baseline_winner': completed_before=0, target=100, running_now=100
/home/alex/git/intfeat/.venv/lib/python3.12/site-packages/torch/cuda/__init__.py:182: UserWarning: CUDA initialization: The NVIDIA driver on your system is too old (found version 11040). Please update your GPU driver by downloading and installing a new version from the URL: http://www.nvidia.com/Download/index.aspx Alternatively, go to: https://pytorch.org to install a PyTorch version that has been compiled with your version of the CUDA driver. (Triggered internally at /pytorch/c10/cuda/CUDAFunctions.cpp:109.)
  return torch._C._cuda_getDeviceCount() > 0
[I 2026-02-11 09:55:48,266] Trial 0 finished with value: 0.4905322953360061 and parameters: {'lr': 0.0005611516415334506, 'weight_decay': 0.005061576888752304}. Best is trial 0 with value: 0.4905322953360061.
[I 2026-02-11 09:57:54,439] Trial 1 finished with value: 0.4630987115029982 and parameters: {'lr': 0.0029106359131330704, 'weight_decay': 3.90796715682288e-05}. Best is trial 1 with value: 0.4630987115029982.
[I 2026-02-11 10:00:00,645] Trial 2 finished with value: 0.46172051811700027 and parameters: {'lr': 0.0002051338263087451, 'weight_decay': 8.62913219007185e-08}. Best is trial 2 with value: 0.46172051811700027.
[I 2026-02-11 10:02:08,192] Trial 3 finished with value: 0.4805108188244233 and parameters: {'lr': 0.00013066739238053285, 'weight_decay': 0.0015741890047456662}. Best is trial 2 with value: 0.46172051811700027.
[I 2026-02-11 10:04:15,229] Trial 4 finished with value: 0.46664552797712017 and parameters: {'lr': 0.0015930522616241021, 'weight_decay': 0.00017718847354806813}. Best is trial 2 with value: 0.46172051811700027.
[I 2026-02-11 10:07:30,166] Trial 5 finished with value: 0.49864254839812444 and parameters: {'lr': 0.00010994335574766199, 'weight_decay': 0.006598711072054081}. Best is trial 2 with value: 0.46172051811700027.
[I 2026-02-11 10:09:36,409] Trial 6 finished with value: 0.47183893019804773 and parameters: {'lr': 0.004622589001020831, 'weight_decay': 1.879466824163843e-07}. Best is trial 2 with value: 0.46172051811700027.
[I 2026-02-11 10:11:43,979] Trial 7 finished with value: 0.46147539850478586 and parameters: {'lr': 0.0002310201887845295, 'weight_decay': 1.2601639723276798e-07}. Best is trial 7 with value: 0.46147539850478586.
[I 2026-02-11 10:13:53,085] Trial 8 finished with value: 0.46134495519839475 and parameters: {'lr': 0.0004059611610484307, 'weight_decay': 1.4077923139972383e-05}. Best is trial 8 with value: 0.46134495519839475.
[I 2026-02-11 10:16:00,558] Trial 9 finished with value: 0.459787638854582 and parameters: {'lr': 0.0007309539835912913, 'weight_decay': 5.589524205217922e-07}. Best is trial 9 with value: 0.459787638854582.
[I 2026-02-11 10:18:11,376] Trial 10 finished with value: 0.4588235137651634 and parameters: {'lr': 0.0011044508862778093, 'weight_decay': 1.45504464702849e-06}. Best is trial 10 with value: 0.4588235137651634.
[I 2026-02-11 10:20:21,090] Trial 11 finished with value: 0.45883051637902145 and parameters: {'lr': 0.0010866115799955207, 'weight_decay': 1.2053282859112384e-06}. Best is trial 10 with value: 0.4588235137651634.
[I 2026-02-11 10:22:28,297] Trial 12 finished with value: 0.4588364168026032 and parameters: {'lr': 0.0015718058320945687, 'weight_decay': 1.7120731126246332e-06}. Best is trial 10 with value: 0.4588235137651634.
[I 2026-02-11 10:24:34,878] Trial 13 finished with value: 0.4588356905434483 and parameters: {'lr': 0.001248273285956575, 'weight_decay': 1.4617043796007074e-08}. Best is trial 10 with value: 0.4588235137651634.
[I 2026-02-11 10:26:42,174] Trial 14 finished with value: 0.4859058381713186 and parameters: {'lr': 0.007832921114568405, 'weight_decay': 2.0332854610200706e-06}. Best is trial 10 with value: 0.4588235137651634.
[I 2026-02-11 10:28:50,636] Trial 15 finished with value: 0.4611111138325917 and parameters: {'lr': 0.0027337623894788765, 'weight_decay': 4.3620960800445695e-06}. Best is trial 10 with value: 0.4588235137651634.
[I 2026-02-11 10:30:57,084] Trial 16 finished with value: 0.46108664740595734 and parameters: {'lr': 0.0008407931655574886, 'weight_decay': 2.2907004958659334e-05}. Best is trial 10 with value: 0.4588235137651634.
[I 2026-02-11 10:33:04,228] Trial 17 finished with value: 0.46403982663380006 and parameters: {'lr': 0.00035627541932854793, 'weight_decay': 0.0001274573145025316}. Best is trial 10 with value: 0.4588235137651634.
[I 2026-02-11 10:35:11,449] Trial 18 finished with value: 0.46110764988967967 and parameters: {'lr': 0.0023976227274240727, 'weight_decay': 1.2935807580227992e-08}. Best is trial 10 with value: 0.4588235137651634.
[I 2026-02-11 10:37:19,618] Trial 19 finished with value: 0.4770047249220106 and parameters: {'lr': 0.005923870959003158, 'weight_decay': 1.0282192593688795e-06}. Best is trial 10 with value: 0.4588235137651634.
[I 2026-02-11 10:39:27,610] Trial 20 finished with value: 0.4592117024610608 and parameters: {'lr': 0.0010611780689371332, 'weight_decay': 5.533530284234155e-06}. Best is trial 10 with value: 0.4588235137651634.
[I 2026-02-11 10:41:35,621] Trial 21 finished with value: 0.4588586735713175 and parameters: {'lr': 0.0013878988785969396, 'weight_decay': 1.6134073305440598e-08}. Best is trial 10 with value: 0.4588235137651634.
[I 2026-02-11 10:43:44,229] Trial 22 finished with value: 0.45883944675557026 and parameters: {'lr': 0.0012001629444458155, 'weight_decay': 6.069004995792615e-08}. Best is trial 10 with value: 0.4588235137651634.
[I 2026-02-11 10:45:51,901] Trial 23 finished with value: 0.46058761816401406 and parameters: {'lr': 0.000582201862914358, 'weight_decay': 3.383676782182548e-07}. Best is trial 10 with value: 0.4588235137651634.
[I 2026-02-11 10:47:58,874] Trial 24 finished with value: 0.4595967384654346 and parameters: {'lr': 0.002004617910720449, 'weight_decay': 3.304473423818335e-08}. Best is trial 10 with value: 0.4588235137651634.
[I 2026-02-11 10:50:06,196] Trial 25 finished with value: 0.46811631293622696 and parameters: {'lr': 0.003979652033697285, 'weight_decay': 4.78570419845307e-07}. Best is trial 10 with value: 0.4588235137651634.
[I 2026-02-11 10:52:14,504] Trial 26 finished with value: 0.46407823464150805 and parameters: {'lr': 0.0009231386305679198, 'weight_decay': 9.559574710535261e-05}. Best is trial 10 with value: 0.4588235137651634.
[I 2026-02-11 10:54:22,022] Trial 27 finished with value: 0.4609762377207636 and parameters: {'lr': 0.0004211820672276473, 'weight_decay': 3.7142191725666375e-06}. Best is trial 10 with value: 0.4588235137651634.
[I 2026-02-11 10:56:29,757] Trial 28 finished with value: 0.4692443761220823 and parameters: {'lr': 0.0006525626583165336, 'weight_decay': 0.00039860165960759115}. Best is trial 10 with value: 0.4588235137651634.
[I 2026-02-11 10:58:38,302] Trial 29 finished with value: 0.4591926655597512 and parameters: {'lr': 0.0018951706472316318, 'weight_decay': 1.1655752144315387e-06}. Best is trial 10 with value: 0.4588235137651634.
[I 2026-02-11 11:00:45,237] Trial 30 finished with value: 0.45896480725333605 and parameters: {'lr': 0.0010777885575119525, 'weight_decay': 4.132976079490657e-08}. Best is trial 10 with value: 0.4588235137651634.
[I 2026-02-11 11:02:54,060] Trial 31 finished with value: 0.45879181650484613 and parameters: {'lr': 0.0014515556706742483, 'weight_decay': 2.144326899149452e-06}. Best is trial 31 with value: 0.45879181650484613.
[I 2026-02-11 11:05:01,367] Trial 32 finished with value: 0.46296959373715946 and parameters: {'lr': 0.003036032262967421, 'weight_decay': 3.124588752070472e-05}. Best is trial 31 with value: 0.45879181650484613.
[I 2026-02-11 11:07:09,114] Trial 33 finished with value: 0.4607518857109659 and parameters: {'lr': 0.0004967952377117483, 'weight_decay': 2.5366143467820803e-07}. Best is trial 31 with value: 0.45879181650484613.
[I 2026-02-11 11:09:16,082] Trial 34 finished with value: 0.45923374780876897 and parameters: {'lr': 0.0013492878645086884, 'weight_decay': 8.84567493554574e-06}. Best is trial 31 with value: 0.45879181650484613.
[I 2026-02-11 11:11:25,576] Trial 35 finished with value: 0.48225655563939857 and parameters: {'lr': 0.0019018227886395823, 'weight_decay': 0.0015050950627879909}. Best is trial 31 with value: 0.45879181650484613.
[I 2026-02-11 11:13:31,507] Trial 36 finished with value: 0.45920765071281916 and parameters: {'lr': 0.0009222506958426179, 'weight_decay': 6.678263442088363e-07}. Best is trial 31 with value: 0.45879181650484613.
[I 2026-02-11 11:15:40,231] Trial 37 finished with value: 0.4676062500878087 and parameters: {'lr': 0.0038119385117247676, 'weight_decay': 1.1007430839694755e-07}. Best is trial 31 with value: 0.45879181650484613.
[I 2026-02-11 11:17:47,601] Trial 38 finished with value: 0.46251111806724976 and parameters: {'lr': 0.00027366997204197804, 'weight_decay': 5.701479261437993e-05}. Best is trial 31 with value: 0.45879181650484613.
[I 2026-02-11 11:19:54,349] Trial 39 finished with value: 0.4625487748824223 and parameters: {'lr': 0.00015946324834034258, 'weight_decay': 2.5665046381135304e-06}. Best is trial 31 with value: 0.45879181650484613.
[I 2026-02-11 11:22:01,478] Trial 40 finished with value: 0.46055080169751794 and parameters: {'lr': 0.0007453250403273535, 'weight_decay': 1.0981298583827878e-05}. Best is trial 31 with value: 0.45879181650484613.
[I 2026-02-11 11:24:09,329] Trial 41 finished with value: 0.45882292969381905 and parameters: {'lr': 0.001492449287130743, 'weight_decay': 2.4158936136839974e-06}. Best is trial 31 with value: 0.45879181650484613.
[I 2026-02-11 11:26:16,753] Trial 42 finished with value: 0.4588860351399321 and parameters: {'lr': 0.001604503354879081, 'weight_decay': 8.44125332322559e-07}. Best is trial 31 with value: 0.45879181650484613.
[I 2026-02-11 11:28:25,601] Trial 43 finished with value: 0.46017617798014243 and parameters: {'lr': 0.0023614670011605993, 'weight_decay': 6.695577224336272e-06}. Best is trial 31 with value: 0.45879181650484613.
[I 2026-02-11 11:30:34,271] Trial 44 finished with value: 0.4588211294515608 and parameters: {'lr': 0.0012053405091273488, 'weight_decay': 1.4986860640575663e-07}. Best is trial 31 with value: 0.45879181650484613.
[I 2026-02-11 11:32:42,782] Trial 45 finished with value: 0.4596180829167685 and parameters: {'lr': 0.0007716363330247805, 'weight_decay': 2.411768544767175e-07}. Best is trial 31 with value: 0.45879181650484613.
[I 2026-02-11 11:34:50,780] Trial 46 finished with value: 0.4587772957686348 and parameters: {'lr': 0.0014456913519551883, 'weight_decay': 1.8047036171746008e-06}. Best is trial 46 with value: 0.4587772957686348.
[I 2026-02-11 11:36:57,697] Trial 47 finished with value: 0.45888142319761266 and parameters: {'lr': 0.0016149017307285564, 'weight_decay': 2.0300879985094587e-06}. Best is trial 46 with value: 0.4587772957686348.
[I 2026-02-11 11:39:04,091] Trial 48 finished with value: 0.46176712668194175 and parameters: {'lr': 0.002898786100200007, 'weight_decay': 3.1822140164744446e-06}. Best is trial 46 with value: 0.4587772957686348.
[I 2026-02-11 11:41:10,819] Trial 49 finished with value: 0.46021397941303815 and parameters: {'lr': 0.0020219450031240776, 'weight_decay': 1.5441940775620228e-05}. Best is trial 46 with value: 0.4587772957686348.
[I 2026-02-11 11:43:18,073] Trial 50 finished with value: 0.4588455302825339 and parameters: {'lr': 0.0014433998405620815, 'weight_decay': 4.3693007830602813e-07}. Best is trial 46 with value: 0.4587772957686348.
[I 2026-02-11 11:45:24,767] Trial 51 finished with value: 0.4587686703781557 and parameters: {'lr': 0.0011870267933513736, 'weight_decay': 1.4595329197341767e-06}. Best is trial 51 with value: 0.4587686703781557.
[I 2026-02-11 11:47:31,654] Trial 52 finished with value: 0.45880269210389424 and parameters: {'lr': 0.0011478531471329834, 'weight_decay': 1.7483422223745579e-06}. Best is trial 51 with value: 0.4587686703781557.
[I 2026-02-11 11:49:39,012] Trial 53 finished with value: 0.45876748605967244 and parameters: {'lr': 0.0012333117384492444, 'weight_decay': 1.739505823441234e-06}. Best is trial 53 with value: 0.45876748605967244.
[I 2026-02-11 11:51:45,321] Trial 54 finished with value: 0.4593104729765946 and parameters: {'lr': 0.0009350819346273914, 'weight_decay': 1.563306492278122e-07}. Best is trial 53 with value: 0.45876748605967244.
[I 2026-02-11 11:53:53,107] Trial 55 finished with value: 0.4587574111925205 and parameters: {'lr': 0.001246654493315837, 'weight_decay': 6.746389241719385e-07}. Best is trial 55 with value: 0.4587574111925205.
[I 2026-02-11 11:56:01,109] Trial 56 finished with value: 0.4602824142908584 and parameters: {'lr': 0.002335312077289365, 'weight_decay': 1.2966283671351599e-06}. Best is trial 55 with value: 0.4587574111925205.
[I 2026-02-11 11:58:09,158] Trial 57 finished with value: 0.46062674749442084 and parameters: {'lr': 0.0006431873710461327, 'weight_decay': 5.64698967387081e-06}. Best is trial 55 with value: 0.4587574111925205.
[I 2026-02-11 12:00:17,893] Trial 58 finished with value: 0.45909483047026967 and parameters: {'lr': 0.0018114460303909985, 'weight_decay': 7.019431632004513e-07}. Best is trial 55 with value: 0.4587574111925205.
[I 2026-02-11 12:02:25,591] Trial 59 finished with value: 0.4598861354739372 and parameters: {'lr': 0.0012340314160313663, 'weight_decay': 1.74269119305441e-05}. Best is trial 55 with value: 0.4587574111925205.
[I 2026-02-11 12:04:33,368] Trial 60 finished with value: 0.4598765510919367 and parameters: {'lr': 0.0008299564176549525, 'weight_decay': 4.105260929365401e-06}. Best is trial 55 with value: 0.4587574111925205.
[I 2026-02-11 12:06:39,813] Trial 61 finished with value: 0.4588078874168961 and parameters: {'lr': 0.0011736028460355339, 'weight_decay': 3.025732908368437e-07}. Best is trial 55 with value: 0.4587574111925205.
[I 2026-02-11 12:08:45,694] Trial 62 finished with value: 0.4589158095567605 and parameters: {'lr': 0.0010658672774859059, 'weight_decay': 3.5569085060996197e-07}. Best is trial 55 with value: 0.4587574111925205.
[I 2026-02-11 12:10:52,840] Trial 63 finished with value: 0.45895822754283583 and parameters: {'lr': 0.001721878032895539, 'weight_decay': 1.3235046626118236e-06}. Best is trial 55 with value: 0.4587574111925205.
[I 2026-02-11 12:13:01,081] Trial 64 finished with value: 0.4587562087230034 and parameters: {'lr': 0.0013029326738979064, 'weight_decay': 7.752358507930135e-07}. Best is trial 64 with value: 0.4587562087230034.
[I 2026-02-11 12:15:08,150] Trial 65 finished with value: 0.4587562242731657 and parameters: {'lr': 0.0013605552842180818, 'weight_decay': 1.6612032313746442e-06}. Best is trial 64 with value: 0.4587562087230034.
[I 2026-02-11 12:17:16,050] Trial 66 finished with value: 0.4587669930508622 and parameters: {'lr': 0.0013495878773022677, 'weight_decay': 8.005606882819291e-07}. Best is trial 64 with value: 0.4587562087230034.
[I 2026-02-11 12:19:22,666] Trial 67 finished with value: 0.45905677012241286 and parameters: {'lr': 0.0009759849879444519, 'weight_decay': 5.844546476511422e-07}. Best is trial 64 with value: 0.4587562087230034.
[I 2026-02-11 12:21:29,403] Trial 68 finished with value: 0.45979656160316956 and parameters: {'lr': 0.002161867816695605, 'weight_decay': 9.47152076799453e-07}. Best is trial 64 with value: 0.4587562087230034.
[I 2026-02-11 12:23:37,610] Trial 69 finished with value: 0.4618370894901271 and parameters: {'lr': 0.0026547090779782934, 'weight_decay': 5.035075357849716e-07}. Best is trial 64 with value: 0.4587562087230034.
[I 2026-02-11 12:25:43,876] Trial 70 finished with value: 0.45921489509552144 and parameters: {'lr': 0.0013655400164086732, 'weight_decay': 8.631481107928139e-06}. Best is trial 64 with value: 0.4587562087230034.
[I 2026-02-11 12:27:50,250] Trial 71 finished with value: 0.4588287523885665 and parameters: {'lr': 0.001386653942946986, 'weight_decay': 3.0729149446729823e-06}. Best is trial 64 with value: 0.4587562087230034.
[I 2026-02-11 12:29:57,642] Trial 72 finished with value: 0.4594576401849072 and parameters: {'lr': 0.0008362834679684716, 'weight_decay': 1.042307150636109e-06}. Best is trial 64 with value: 0.4587562087230034.
[I 2026-02-11 12:32:05,831] Trial 73 finished with value: 0.4589595543626773 and parameters: {'lr': 0.0017246325499360984, 'weight_decay': 1.588419628813426e-06}. Best is trial 64 with value: 0.4587562087230034.
[I 2026-02-11 12:34:13,250] Trial 74 finished with value: 0.4605634207845258 and parameters: {'lr': 0.0006489576859374641, 'weight_decay': 4.6338985108402555e-06}. Best is trial 64 with value: 0.4587562087230034.
[I 2026-02-11 12:36:20,105] Trial 75 finished with value: 0.45898554604690883 and parameters: {'lr': 0.0009932450593854222, 'weight_decay': 7.713561278513187e-07}. Best is trial 64 with value: 0.4587562087230034.
[I 2026-02-11 12:38:26,909] Trial 76 finished with value: 0.458836328562116 and parameters: {'lr': 0.00129070079837174, 'weight_decay': 7.835264671448216e-08}. Best is trial 64 with value: 0.4587562087230034.
[I 2026-02-11 12:40:32,462] Trial 77 finished with value: 0.4589201373447469 and parameters: {'lr': 0.001544892979201036, 'weight_decay': 2.270332129023366e-07}. Best is trial 64 with value: 0.4587562087230034.
[I 2026-02-11 12:42:39,256] Trial 78 finished with value: 0.4607027876788527 and parameters: {'lr': 0.0005528420221349959, 'weight_decay': 2.045147816579819e-06}. Best is trial 64 with value: 0.4587562087230034.
[I 2026-02-11 12:44:46,495] Trial 79 finished with value: 0.4589354483692928 and parameters: {'lr': 0.0010513030165820527, 'weight_decay': 3.8062791249854505e-07}. Best is trial 64 with value: 0.4587562087230034.
[I 2026-02-11 12:46:53,284] Trial 80 finished with value: 0.4635834942421885 and parameters: {'lr': 0.0032151215706789243, 'weight_decay': 1.3792571441130177e-06}. Best is trial 64 with value: 0.4587562087230034.
[I 2026-02-11 12:49:01,370] Trial 81 finished with value: 0.458777971236627 and parameters: {'lr': 0.0012032160971406902, 'weight_decay': 1.8042352457080497e-06}. Best is trial 64 with value: 0.4587562087230034.
[I 2026-02-11 12:51:08,841] Trial 82 finished with value: 0.45881229686791164 and parameters: {'lr': 0.0013012400966371561, 'weight_decay': 2.739504061088203e-06}. Best is trial 64 with value: 0.4587562087230034.
[I 2026-02-11 12:53:16,404] Trial 83 finished with value: 0.45996475749287113 and parameters: {'lr': 0.000875456178494009, 'weight_decay': 6.8913584999635645e-06}. Best is trial 64 with value: 0.4587562087230034.
[I 2026-02-11 12:55:23,818] Trial 84 finished with value: 0.4588637419535192 and parameters: {'lr': 0.0015647000052017293, 'weight_decay': 8.057595022149388e-07}. Best is trial 64 with value: 0.4587562087230034.
[I 2026-02-11 12:57:33,441] Trial 85 finished with value: 0.4595608225186268 and parameters: {'lr': 0.002084869066236012, 'weight_decay': 3.7860061311120143e-06}. Best is trial 64 with value: 0.4587562087230034.
[I 2026-02-11 12:59:40,108] Trial 86 finished with value: 0.45900605791582083 and parameters: {'lr': 0.0017138593411369406, 'weight_decay': 5.693740731206656e-07}. Best is trial 64 with value: 0.4587562087230034.
[I 2026-02-11 13:01:47,822] Trial 87 finished with value: 0.45879014373399213 and parameters: {'lr': 0.0011810668152880568, 'weight_decay': 1.8786804698756913e-06}. Best is trial 64 with value: 0.4587562087230034.
[I 2026-02-11 13:03:54,070] Trial 88 finished with value: 0.46004584944768095 and parameters: {'lr': 0.0007328570556539125, 'weight_decay': 1.0345980958014052e-06}. Best is trial 64 with value: 0.4587562087230034.
[I 2026-02-11 13:06:02,074] Trial 89 finished with value: 0.45881103774041637 and parameters: {'lr': 0.0011401389824422026, 'weight_decay': 1.8067908815074e-06}. Best is trial 64 with value: 0.4587562087230034.
[I 2026-02-11 13:08:09,262] Trial 90 finished with value: 0.4588376617680596 and parameters: {'lr': 0.0014287968812795272, 'weight_decay': 4.570567959694319e-07}. Best is trial 64 with value: 0.4587562087230034.
[I 2026-02-11 13:10:14,961] Trial 91 finished with value: 0.4588172686813608 and parameters: {'lr': 0.0012733863538472493, 'weight_decay': 2.7299498632813026e-06}. Best is trial 64 with value: 0.4587562087230034.
[I 2026-02-11 13:12:23,211] Trial 92 finished with value: 0.45901401269142533 and parameters: {'lr': 0.0009994575952987559, 'weight_decay': 1.966482110053005e-06}. Best is trial 64 with value: 0.4587562087230034.
[I 2026-02-11 13:14:30,342] Trial 93 finished with value: 0.45900987994353726 and parameters: {'lr': 0.0015137357554196628, 'weight_decay': 5.344128588805017e-06}. Best is trial 64 with value: 0.4587562087230034.
[I 2026-02-11 13:16:40,632] Trial 94 finished with value: 0.4598124726830688 and parameters: {'lr': 0.0019226339584882245, 'weight_decay': 1.1680244306415093e-05}. Best is trial 64 with value: 0.4587562087230034.
[I 2026-02-11 13:18:48,893] Trial 95 finished with value: 0.45880502743566953 and parameters: {'lr': 0.0011228313694802675, 'weight_decay': 1.3956283252909331e-06}. Best is trial 64 with value: 0.4587562087230034.
[I 2026-02-11 13:20:54,325] Trial 96 finished with value: 0.4960270652861554 and parameters: {'lr': 0.008874990983893912, 'weight_decay': 7.063718952299197e-07}. Best is trial 64 with value: 0.4587562087230034.
[I 2026-02-11 13:23:01,673] Trial 97 finished with value: 0.4597968197543081 and parameters: {'lr': 0.0008198736852798188, 'weight_decay': 2.3701265355132365e-06}. Best is trial 64 with value: 0.4587562087230034.
[I 2026-02-11 13:25:09,514] Trial 98 finished with value: 0.4588668722925439 and parameters: {'lr': 0.001219387463479533, 'weight_decay': 3.237798806226865e-06}. Best is trial 64 with value: 0.4587562087230034.
[I 2026-02-11 13:27:16,370] Trial 99 finished with value: 0.45905515716979467 and parameters: {'lr': 0.0018029857950901105, 'weight_decay': 1.0862311160898682e-06}. Best is trial 64 with value: 0.4587562087230034.
Loaded rows [1200000, 1400000) in 5.4s
RESULT baseline_winner best_trial_val_logloss= 0.458756 final_val_logloss= 0.458756 final_test_logloss= 0.458938

===== Variant: bspline_integer_basis =====
Loaded rows [0, 1000000) in 20.2s
Loaded rows [1000000, 1200000) in 5.1s
Tuning rows: train=1000000 val=200000 (full train=1000000, full val=200000)
[I 2026-02-11 13:30:37,250] A new study created in RDB with name: criteo_1m200k_transfer_uvalley_fixed_bspline_integer_basis
Study 'criteo_1m200k_transfer_uvalley_fixed_bspline_integer_basis': completed_before=0, target=100, running_now=100
[I 2026-02-11 13:36:49,005] Trial 0 finished with value: 0.48888611423857736 and parameters: {'lr': 0.0005611516415334506, 'weight_decay': 0.005061576888752304}. Best is trial 0 with value: 0.48888611423857736.
[I 2026-02-11 13:42:55,034] Trial 1 finished with value: 0.46165689697836015 and parameters: {'lr': 0.0029106359131330704, 'weight_decay': 3.90796715682288e-05}. Best is trial 1 with value: 0.46165689697836015.
[I 2026-02-11 13:48:59,183] Trial 2 finished with value: 0.46129441398571097 and parameters: {'lr': 0.0002051338263087451, 'weight_decay': 8.62913219007185e-08}. Best is trial 2 with value: 0.46129441398571097.
[I 2026-02-11 13:55:07,319] Trial 3 finished with value: 0.4804629165696015 and parameters: {'lr': 0.00013066739238053285, 'weight_decay': 0.0015741890047456662}. Best is trial 2 with value: 0.46129441398571097.
[I 2026-02-11 14:01:14,083] Trial 4 finished with value: 0.46480336890837803 and parameters: {'lr': 0.0015930522616241021, 'weight_decay': 0.00017718847354806813}. Best is trial 2 with value: 0.46129441398571097.
[I 2026-02-11 14:07:36,889] Trial 5 finished with value: 0.49948687540787784 and parameters: {'lr': 0.00010994335574766199, 'weight_decay': 0.006598711072054081}. Best is trial 2 with value: 0.46129441398571097.
[I 2026-02-11 14:13:43,738] Trial 6 finished with value: 0.4693270275201995 and parameters: {'lr': 0.004622589001020831, 'weight_decay': 1.879466824163843e-07}. Best is trial 2 with value: 0.46129441398571097.
[I 2026-02-11 14:19:49,991] Trial 7 finished with value: 0.4609296855240896 and parameters: {'lr': 0.0002310201887845295, 'weight_decay': 1.2601639723276798e-07}. Best is trial 7 with value: 0.4609296855240896.
[I 2026-02-11 14:25:54,507] Trial 8 finished with value: 0.4600067148985704 and parameters: {'lr': 0.0004059611610484307, 'weight_decay': 1.4077923139972383e-05}. Best is trial 8 with value: 0.4600067148985704.
[I 2026-02-11 14:32:00,586] Trial 9 finished with value: 0.4582981412681476 and parameters: {'lr': 0.0007309539835912913, 'weight_decay': 5.589524205217922e-07}. Best is trial 9 with value: 0.4582981412681476.
[I 2026-02-11 14:38:08,016] Trial 10 finished with value: 0.4576209640973431 and parameters: {'lr': 0.0011044508862778093, 'weight_decay': 1.45504464702849e-06}. Best is trial 10 with value: 0.4576209640973431.
[I 2026-02-11 14:44:13,158] Trial 11 finished with value: 0.4576315889349024 and parameters: {'lr': 0.0010866115799955207, 'weight_decay': 1.2053282859112384e-06}. Best is trial 10 with value: 0.4576209640973431.
[I 2026-02-11 14:50:18,179] Trial 12 finished with value: 0.457706710417795 and parameters: {'lr': 0.0015718058320945687, 'weight_decay': 1.7120731126246332e-06}. Best is trial 10 with value: 0.4576209640973431.
[I 2026-02-11 14:56:22,922] Trial 13 finished with value: 0.4575391228618806 and parameters: {'lr': 0.001248273285956575, 'weight_decay': 1.4617043796007074e-08}. Best is trial 13 with value: 0.4575391228618806.
[I 2026-02-11 15:02:29,886] Trial 14 finished with value: 0.4878633224074733 and parameters: {'lr': 0.007832921114568405, 'weight_decay': 1.0722266765839723e-08}. Best is trial 13 with value: 0.4575391228618806.
[I 2026-02-11 15:08:36,945] Trial 15 finished with value: 0.460799834946001 and parameters: {'lr': 0.0027337623894788765, 'weight_decay': 1.1932241505594307e-08}. Best is trial 13 with value: 0.4575391228618806.
[I 2026-02-11 15:14:43,730] Trial 16 finished with value: 0.45764274673793204 and parameters: {'lr': 0.0012220946418319055, 'weight_decay': 4.037733308961697e-06}. Best is trial 13 with value: 0.4575391228618806.
[I 2026-02-11 15:20:50,602] Trial 17 finished with value: 0.4596745096762595 and parameters: {'lr': 0.0003989318210978011, 'weight_decay': 4.63875433811746e-08}. Best is trial 13 with value: 0.4575391228618806.
[I 2026-02-11 15:27:00,644] Trial 18 finished with value: 0.4652419962589713 and parameters: {'lr': 0.0023976227274240727, 'weight_decay': 0.00014894370701800617}. Best is trial 13 with value: 0.4575391228618806.
[I 2026-02-11 15:33:07,642] Trial 19 finished with value: 0.458171688242669 and parameters: {'lr': 0.0007783527966438618, 'weight_decay': 4.603271299715289e-07}. Best is trial 13 with value: 0.4575391228618806.
[I 2026-02-11 15:39:13,076] Trial 20 finished with value: 0.46947842179551663 and parameters: {'lr': 0.005779619274912726, 'weight_decay': 8.844905075633321e-06}. Best is trial 13 with value: 0.4575391228618806.
[I 2026-02-11 15:45:19,196] Trial 21 finished with value: 0.4576086865111444 and parameters: {'lr': 0.0011143946789835292, 'weight_decay': 1.319401063971453e-06}. Best is trial 13 with value: 0.4575391228618806.
[I 2026-02-11 15:51:24,776] Trial 22 finished with value: 0.45814020441508757 and parameters: {'lr': 0.001800055478731078, 'weight_decay': 3.620264201294022e-08}. Best is trial 13 with value: 0.4575391228618806.
[I 2026-02-11 15:57:30,627] Trial 23 finished with value: 0.4595129292544909 and parameters: {'lr': 0.0008719414010225633, 'weight_decay': 3.373862510148429e-05}. Best is trial 13 with value: 0.4575391228618806.
[I 2026-02-11 16:03:36,155] Trial 24 finished with value: 0.4589896273969318 and parameters: {'lr': 0.0005397368329877858, 'weight_decay': 2.2815177828352702e-06}. Best is trial 13 with value: 0.4575391228618806.
[I 2026-02-11 16:09:43,197] Trial 25 finished with value: 0.46617023440102634 and parameters: {'lr': 0.003979652033697285, 'weight_decay': 4.2046421852085024e-07}. Best is trial 13 with value: 0.4575391228618806.
[I 2026-02-11 16:15:50,636] Trial 26 finished with value: 0.4576875374675031 and parameters: {'lr': 0.0012233144914060926, 'weight_decay': 5.038306877281617e-06}. Best is trial 13 with value: 0.4575391228618806.
[I 2026-02-11 16:21:57,807] Trial 27 finished with value: 0.45924215260991214 and parameters: {'lr': 0.0022801401885132002, 'weight_decay': 3.690395249254823e-08}. Best is trial 13 with value: 0.4575391228618806.
[I 2026-02-11 16:28:03,727] Trial 28 finished with value: 0.4670970937913213 and parameters: {'lr': 0.0005857451702638183, 'weight_decay': 0.00039860165960759223}. Best is trial 13 with value: 0.4575391228618806.
[I 2026-02-11 16:34:10,831] Trial 29 finished with value: 0.45931350931620285 and parameters: {'lr': 0.0004578845067890457, 'weight_decay': 9.079174305169614e-07}. Best is trial 13 with value: 0.4575391228618806.
[I 2026-02-11 16:40:18,149] Trial 30 finished with value: 0.46067602481823605 and parameters: {'lr': 0.00032757983595198286, 'weight_decay': 2.283495421013922e-05}. Best is trial 13 with value: 0.4575391228618806.
[I 2026-02-11 16:46:23,712] Trial 31 finished with value: 0.45757860073461476 and parameters: {'lr': 0.0011299878364005032, 'weight_decay': 2.3813186812410245e-07}. Best is trial 13 with value: 0.4575391228618806.
[I 2026-02-11 16:52:27,789] Trial 32 finished with value: 0.45776243705579284 and parameters: {'lr': 0.000974741760481069, 'weight_decay': 2.322384751822314e-07}. Best is trial 13 with value: 0.4575391228618806.
[I 2026-02-11 16:58:31,273] Trial 33 finished with value: 0.4580316556487816 and parameters: {'lr': 0.001739015711931324, 'weight_decay': 6.72107690170432e-08}. Best is trial 13 with value: 0.4575391228618806.
[I 2026-02-11 17:04:35,188] Trial 34 finished with value: 0.4584899577767836 and parameters: {'lr': 0.000670439273785331, 'weight_decay': 2.4686346781514765e-08}. Best is trial 13 with value: 0.4575391228618806.
[I 2026-02-11 17:10:40,129] Trial 35 finished with value: 0.4575606389329311 and parameters: {'lr': 0.0013802201137798466, 'weight_decay': 2.5151395174561456e-07}. Best is trial 13 with value: 0.4575391228618806.
[I 2026-02-11 17:16:45,887] Trial 36 finished with value: 0.46334352276527124 and parameters: {'lr': 0.003327528914795919, 'weight_decay': 2.578605193591912e-07}. Best is trial 13 with value: 0.4575391228618806.
[I 2026-02-11 17:22:49,190] Trial 37 finished with value: 0.4586549029306797 and parameters: {'lr': 0.0020553594296167767, 'weight_decay': 1.0879783279736966e-07}. Best is trial 13 with value: 0.4575391228618806.
[I 2026-02-11 17:28:54,726] Trial 38 finished with value: 0.45753694041835175 and parameters: {'lr': 0.0012677364313375726, 'weight_decay': 2.1506898319818428e-08}. Best is trial 38 with value: 0.45753694041835175.
[I 2026-02-11 17:34:58,229] Trial 39 finished with value: 0.45761047687978346 and parameters: {'lr': 0.0014325904053979282, 'weight_decay': 2.062252907178853e-08}. Best is trial 38 with value: 0.45753694041835175.
[I 2026-02-11 17:41:02,616] Trial 40 finished with value: 0.4637567687265083 and parameters: {'lr': 0.00337203418684326, 'weight_decay': 9.139459462616736e-08}. Best is trial 38 with value: 0.45753694041835175.
[I 2026-02-11 17:47:04,944] Trial 41 finished with value: 0.4575523355889311 and parameters: {'lr': 0.0013649792776560938, 'weight_decay': 1.9041449872876995e-07}. Best is trial 38 with value: 0.45753694041835175.
[I 2026-02-11 17:53:07,648] Trial 42 finished with value: 0.45792588510227594 and parameters: {'lr': 0.0008910823744103381, 'weight_decay': 1.7783126772069904e-08}. Best is trial 38 with value: 0.45753694041835175.
[I 2026-02-11 17:59:27,747] Trial 43 finished with value: 0.45756462248528035 and parameters: {'lr': 0.001383715593169596, 'weight_decay': 1.461216105378928e-07}. Best is trial 38 with value: 0.45753694041835175.
[I 2026-02-11 18:07:16,459] Trial 44 finished with value: 0.4575766909239967 and parameters: {'lr': 0.0013968736264819506, 'weight_decay': 6.282530944000043e-08}. Best is trial 38 with value: 0.45753694041835175.
[I 2026-02-11 18:13:48,287] Trial 45 finished with value: 0.4584545178794064 and parameters: {'lr': 0.0019658776169742417, 'weight_decay': 1.2500708375442902e-07}. Best is trial 38 with value: 0.45753694041835175.
[I 2026-02-11 18:20:03,302] Trial 46 finished with value: 0.45763292442191755 and parameters: {'lr': 0.0014557592134777485, 'weight_decay': 2.5223092629779303e-08}. Best is trial 38 with value: 0.45753694041835175.
[I 2026-02-11 18:26:09,195] Trial 47 finished with value: 0.46013713418320634 and parameters: {'lr': 0.0025733962198531244, 'weight_decay': 1.007164876036766e-08}. Best is trial 38 with value: 0.45753694041835175.
[I 2026-02-11 18:32:16,943] Trial 48 finished with value: 0.49114841204156534 and parameters: {'lr': 0.0001722693994422328, 'weight_decay': 0.0038536204959640167}. Best is trial 38 with value: 0.45753694041835175.
[I 2026-02-11 18:38:15,201] Trial 49 finished with value: 0.45852916166341817 and parameters: {'lr': 0.0006564751047128555, 'weight_decay': 1.559408480406915e-07}. Best is trial 38 with value: 0.45753694041835175.
[I 2026-02-11 18:44:12,393] Trial 50 finished with value: 0.4581953784878771 and parameters: {'lr': 0.0007698088244266117, 'weight_decay': 5.867504737464406e-07}. Best is trial 38 with value: 0.45753694041835175.
[I 2026-02-11 18:50:08,556] Trial 51 finished with value: 0.4575879640834376 and parameters: {'lr': 0.0014111695190409995, 'weight_decay': 5.8687716693225844e-08}. Best is trial 38 with value: 0.45753694041835175.
[I 2026-02-11 18:56:05,011] Trial 52 finished with value: 0.45787674899958963 and parameters: {'lr': 0.0016428081674785399, 'weight_decay': 7.111212086012968e-08}. Best is trial 38 with value: 0.45753694041835175.
[I 2026-02-11 19:02:03,191] Trial 53 finished with value: 0.45754040883569563 and parameters: {'lr': 0.001288031316889173, 'weight_decay': 1.7554535054859917e-08}. Best is trial 38 with value: 0.45753694041835175.
[I 2026-02-11 19:08:00,660] Trial 54 finished with value: 0.4577241457588364 and parameters: {'lr': 0.001007233231099474, 'weight_decay': 1.5733358008384896e-08}. Best is trial 38 with value: 0.45753694041835175.
[I 2026-02-11 19:13:58,516] Trial 55 finished with value: 0.45904847101416074 and parameters: {'lr': 0.0022096902604545683, 'weight_decay': 3.54930519088304e-08}. Best is trial 38 with value: 0.45753694041835175.
[I 2026-02-11 19:20:00,442] Trial 56 finished with value: 0.45753075161113027 and parameters: {'lr': 0.0012285841178762086, 'weight_decay': 3.8617280392634776e-07}. Best is trial 56 with value: 0.45753075161113027.
[I 2026-02-11 19:26:08,959] Trial 57 finished with value: 0.4579489619196909 and parameters: {'lr': 0.0008744550101460681, 'weight_decay': 3.6961602200358323e-07}. Best is trial 56 with value: 0.45753075161113027.
[I 2026-02-11 19:32:06,874] Trial 58 finished with value: 0.45752683640816766 and parameters: {'lr': 0.0012430671915263046, 'weight_decay': 7.377893743742096e-07}. Best is trial 58 with value: 0.45752683640816766.
[I 2026-02-11 19:37:40,429] Trial 59 finished with value: 0.4580129961742455 and parameters: {'lr': 0.0017503705303974985, 'weight_decay': 6.344074753623701e-07}. Best is trial 58 with value: 0.45752683640816766.
[I 2026-02-11 19:43:06,979] Trial 60 finished with value: 0.4575619209506163 and parameters: {'lr': 0.0011659294930276556, 'weight_decay': 9.335475139599189e-07}. Best is trial 58 with value: 0.45752683640816766.
[I 2026-02-11 19:48:34,370] Trial 61 finished with value: 0.45759894792883976 and parameters: {'lr': 0.0011997796948528224, 'weight_decay': 2.7337223121233198e-06}. Best is trial 58 with value: 0.45752683640816766.
[I 2026-02-11 19:54:01,639] Trial 62 finished with value: 0.45777028992900637 and parameters: {'lr': 0.0009699535126449033, 'weight_decay': 3.1684711268631246e-07}. Best is trial 58 with value: 0.45752683640816766.
[I 2026-02-11 19:59:27,917] Trial 63 finished with value: 0.45753537122505034 and parameters: {'lr': 0.0012720864720661151, 'weight_decay': 3.2856033408138856e-08}. Best is trial 58 with value: 0.45752683640816766.
[I 2026-02-11 20:04:54,396] Trial 64 finished with value: 0.4584298120664476 and parameters: {'lr': 0.001946907363211573, 'weight_decay': 3.3097575217089545e-08}. Best is trial 58 with value: 0.45752683640816766.
[I 2026-02-11 20:13:21,248] Trial 65 finished with value: 0.45827463018172554 and parameters: {'lr': 0.0007429905898738971, 'weight_decay': 1.4811986999387532e-08}. Best is trial 58 with value: 0.45752683640816766.
[I 2026-02-11 20:18:55,404] Trial 66 finished with value: 0.4623119076037329 and parameters: {'lr': 0.0030816151803365645, 'weight_decay': 4.0555332373650335e-08}. Best is trial 58 with value: 0.45752683640816766.
[I 2026-02-11 20:24:27,094] Trial 67 finished with value: 0.4589675121556726 and parameters: {'lr': 0.0005388379759700293, 'weight_decay': 2.4573679483155348e-08}. Best is trial 58 with value: 0.45752683640816766.
[I 2026-02-11 20:29:58,556] Trial 68 finished with value: 0.45784032824876797 and parameters: {'lr': 0.0016148859685345708, 'weight_decay': 1.114519672648489e-08}. Best is trial 58 with value: 0.45752683640816766.
[I 2026-02-11 20:35:29,495] Trial 69 finished with value: 0.4579943303962796 and parameters: {'lr': 0.0008558595785340016, 'weight_decay': 5.223598614886181e-08}. Best is trial 58 with value: 0.45752683640816766.
[I 2026-02-11 20:41:00,810] Trial 70 finished with value: 0.4578490129060815 and parameters: {'lr': 0.0012476421266412198, 'weight_decay': 8.436599725870814e-06}. Best is trial 58 with value: 0.45752683640816766.
[I 2026-02-11 20:46:31,832] Trial 71 finished with value: 0.457665736545196 and parameters: {'lr': 0.0010459468629738491, 'weight_decay': 1.0150051136329785e-07}. Best is trial 58 with value: 0.45752683640816766.
[I 2026-02-11 20:52:02,783] Trial 72 finished with value: 0.45753354763670345 and parameters: {'lr': 0.0013036985382874056, 'weight_decay': 1.629642529027443e-07}. Best is trial 58 with value: 0.45752683640816766.
[I 2026-02-11 20:57:33,697] Trial 73 finished with value: 0.4575320320090927 and parameters: {'lr': 0.0012999028711144665, 'weight_decay': 1.6944685914364065e-07}. Best is trial 58 with value: 0.45752683640816766.
[I 2026-02-11 21:03:15,547] Trial 74 finished with value: 0.4582579205464212 and parameters: {'lr': 0.0018614378496491673, 'weight_decay': 2.9345424453295573e-08}. Best is trial 58 with value: 0.45752683640816766.
[I 2026-02-11 21:09:26,839] Trial 75 finished with value: 0.46181552271432896 and parameters: {'lr': 0.0010281481259009201, 'weight_decay': 9.720278690721138e-05}. Best is trial 58 with value: 0.45752683640816766.
[I 2026-02-11 21:14:58,570] Trial 76 finished with value: 0.45776217355256676 and parameters: {'lr': 0.0015653538081876358, 'weight_decay': 1.7690587250618497e-08}. Best is trial 58 with value: 0.45752683640816766.
[I 2026-02-11 21:20:28,879] Trial 77 finished with value: 0.4575325117953724 and parameters: {'lr': 0.0012531282343267876, 'weight_decay': 8.571610381151528e-08}. Best is trial 58 with value: 0.45752683640816766.
[I 2026-02-11 21:25:58,866] Trial 78 finished with value: 0.45856372017309505 and parameters: {'lr': 0.0006465431680186699, 'weight_decay': 1.765126483500378e-07}. Best is trial 58 with value: 0.45752683640816766.
[I 2026-02-11 21:31:29,232] Trial 79 finished with value: 0.45930392917241714 and parameters: {'lr': 0.002306688162318185, 'weight_decay': 8.393517154890586e-08}. Best is trial 58 with value: 0.45752683640816766.
[I 2026-02-11 21:36:59,927] Trial 80 finished with value: 0.45791312250465943 and parameters: {'lr': 0.0008948074436479649, 'weight_decay': 4.639688810293266e-08}. Best is trial 58 with value: 0.45752683640816766.
[I 2026-02-11 21:42:29,780] Trial 81 finished with value: 0.45767955324659937 and parameters: {'lr': 0.0010347129633629134, 'weight_decay': 9.866597249307042e-08}. Best is trial 58 with value: 0.45752683640816766.
[I 2026-02-11 21:48:00,547] Trial 82 finished with value: 0.4575384949855953 and parameters: {'lr': 0.0012682813187619509, 'weight_decay': 1.420021282820983e-08}. Best is trial 58 with value: 0.45752683640816766.
[I 2026-02-11 21:53:30,926] Trial 83 finished with value: 0.4575656064127259 and parameters: {'lr': 0.001160364386658824, 'weight_decay': 9.589734589581032e-07}. Best is trial 58 with value: 0.45752683640816766.
[I 2026-02-11 21:59:04,554] Trial 84 finished with value: 0.4577302658358004 and parameters: {'lr': 0.0015656197316801991, 'weight_decay': 4.1950567417196035e-07}. Best is trial 58 with value: 0.45752683640816766.
[I 2026-02-11 22:04:59,884] Trial 85 finished with value: 0.45873121241387343 and parameters: {'lr': 0.002084241232281665, 'weight_decay': 4.801120994878634e-08}. Best is trial 58 with value: 0.45752683640816766.
[I 2026-02-11 22:11:08,411] Trial 86 finished with value: 0.457548387500799 and parameters: {'lr': 0.0012727432501473722, 'weight_decay': 1.946268484112439e-06}. Best is trial 58 with value: 0.45752683640816766.
[I 2026-02-11 22:17:17,546] Trial 87 finished with value: 0.4580953971231288 and parameters: {'lr': 0.0008093482899335515, 'weight_decay': 1.2094153384048588e-07}. Best is trial 58 with value: 0.45752683640816766.
[I 2026-02-11 22:22:54,403] Trial 88 finished with value: 0.45769967841770354 and parameters: {'lr': 0.001515605801126883, 'weight_decay': 1.3349218927076855e-08}. Best is trial 58 with value: 0.45752683640816766.
[I 2026-02-11 22:28:25,306] Trial 89 finished with value: 0.45781394562110933 and parameters: {'lr': 0.0009499039858651246, 'weight_decay': 2.7328803084725873e-08}. Best is trial 58 with value: 0.45752683640816766.
[I 2026-02-11 22:33:55,892] Trial 90 finished with value: 0.4601210487579918 and parameters: {'lr': 0.002569307617622461, 'weight_decay': 7.182521727152159e-08}. Best is trial 58 with value: 0.45752683640816766.
[I 2026-02-11 22:39:30,073] Trial 91 finished with value: 0.4575448678608403 and parameters: {'lr': 0.0013079463160613864, 'weight_decay': 1.9945990812902385e-08}. Best is trial 58 with value: 0.45752683640816766.
[I 2026-02-11 22:45:14,199] Trial 92 finished with value: 0.4580470148833495 and parameters: {'lr': 0.001742444482026091, 'weight_decay': 1.37439924021451e-08}. Best is trial 58 with value: 0.45752683640816766.
[I 2026-02-11 22:50:54,325] Trial 93 finished with value: 0.4575942616063424 and parameters: {'lr': 0.0011267823799093228, 'weight_decay': 1.9919911194512256e-08}. Best is trial 58 with value: 0.45752683640816766.
[I 2026-02-11 22:57:04,550] Trial 94 finished with value: 0.45752703815462387 and parameters: {'lr': 0.0012823459933735955, 'weight_decay': 2.0312908772423714e-07}. Best is trial 58 with value: 0.45752683640816766.
[I 2026-02-11 23:03:12,711] Trial 95 finished with value: 0.4576159393943766 and parameters: {'lr': 0.0010886618734152825, 'weight_decay': 3.00072208482985e-07}. Best is trial 58 with value: 0.45752683640816766.
[I 2026-02-11 23:12:01,265] Trial 96 finished with value: 0.49323169601333977 and parameters: {'lr': 0.008874990983893912, 'weight_decay': 1.9375566058433745e-07}. Best is trial 58 with value: 0.45752683640816766.
[I 2026-02-11 23:18:10,579] Trial 97 finished with value: 0.45760739823615193 and parameters: {'lr': 0.0014668227981943813, 'weight_decay': 6.819874188563277e-07}. Best is trial 58 with value: 0.45752683640816766.
[I 2026-02-11 23:24:43,132] Trial 98 finished with value: 0.4575293168519057 and parameters: {'lr': 0.001285327156660052, 'weight_decay': 1.3766413171129802e-07}. Best is trial 58 with value: 0.45752683640816766.
[I 2026-02-11 23:32:31,300] Trial 99 finished with value: 0.4579477257140637 and parameters: {'lr': 0.0016913606074016564, 'weight_decay': 1.3789270131224165e-07}. Best is trial 58 with value: 0.45752683640816766.
Loaded rows [1200000, 1400000) in 7.5s
RESULT bspline_integer_basis best_trial_val_logloss= 0.457527 final_val_logloss= 0.457527 final_test_logloss= 0.457705

===== Variant: sl_integer_basis =====
Loaded rows [0, 1000000) in 19.8s
Loaded rows [1000000, 1200000) in 4.8s
Tuning rows: train=1000000 val=200000 (full train=1000000, full val=200000)
[I 2026-02-11 23:40:01,764] A new study created in RDB with name: criteo_1m200k_transfer_uvalley_fixed_sl_integer_basis
Study 'criteo_1m200k_transfer_uvalley_fixed_sl_integer_basis': completed_before=0, target=100, running_now=100
[I 2026-02-11 23:42:24,354] Trial 0 finished with value: 0.4872212519443943 and parameters: {'lr': 0.0005611516415334506, 'weight_decay': 0.005061576888752304}. Best is trial 0 with value: 0.4872212519443943.
[I 2026-02-11 23:44:41,087] Trial 1 finished with value: 0.4636467428789736 and parameters: {'lr': 0.0029106359131330704, 'weight_decay': 3.90796715682288e-05}. Best is trial 1 with value: 0.4636467428789736.
[I 2026-02-11 23:46:57,780] Trial 2 finished with value: 0.46117121334860645 and parameters: {'lr': 0.0002051338263087451, 'weight_decay': 8.62913219007185e-08}. Best is trial 2 with value: 0.46117121334860645.
[I 2026-02-11 23:49:15,196] Trial 3 finished with value: 0.47876334212888033 and parameters: {'lr': 0.00013066739238053285, 'weight_decay': 0.0015741890047456662}. Best is trial 2 with value: 0.46117121334860645.
[I 2026-02-11 23:51:32,527] Trial 4 finished with value: 0.4650148550431089 and parameters: {'lr': 0.0015930522616241021, 'weight_decay': 0.00017718847354806813}. Best is trial 2 with value: 0.46117121334860645.
[I 2026-02-11 23:53:59,089] Trial 5 finished with value: 0.49113951017626545 and parameters: {'lr': 0.00010994335574766199, 'weight_decay': 0.006598711072054081}. Best is trial 2 with value: 0.46117121334860645.
[I 2026-02-11 23:56:14,987] Trial 6 finished with value: 0.4732807945149706 and parameters: {'lr': 0.004622589001020831, 'weight_decay': 1.879466824163843e-07}. Best is trial 2 with value: 0.46117121334860645.
[I 2026-02-11 23:58:30,478] Trial 7 finished with value: 0.460893776737294 and parameters: {'lr': 0.0002310201887845295, 'weight_decay': 1.2601639723276798e-07}. Best is trial 7 with value: 0.460893776737294.
[I 2026-02-12 00:00:47,717] Trial 8 finished with value: 0.46031685070565376 and parameters: {'lr': 0.0004059611610484307, 'weight_decay': 1.4077923139972383e-05}. Best is trial 8 with value: 0.46031685070565376.
[I 2026-02-12 00:03:06,508] Trial 9 finished with value: 0.45895249837793706 and parameters: {'lr': 0.0007309539835912913, 'weight_decay': 5.589524205217922e-07}. Best is trial 9 with value: 0.45895249837793706.
[I 2026-02-12 00:05:24,389] Trial 10 finished with value: 0.4581461868754962 and parameters: {'lr': 0.0011044508862778093, 'weight_decay': 1.45504464702849e-06}. Best is trial 10 with value: 0.4581461868754962.
[I 2026-02-12 00:07:40,092] Trial 11 finished with value: 0.4581633434746375 and parameters: {'lr': 0.0010866115799955207, 'weight_decay': 1.2053282859112384e-06}. Best is trial 10 with value: 0.4581461868754962.
[I 2026-02-12 00:09:58,075] Trial 12 finished with value: 0.4585491185574782 and parameters: {'lr': 0.0015718058320945687, 'weight_decay': 1.7120731126246332e-06}. Best is trial 10 with value: 0.4581461868754962.
[I 2026-02-12 00:12:14,552] Trial 13 finished with value: 0.4581569434581581 and parameters: {'lr': 0.001248273285956575, 'weight_decay': 1.4617043796007074e-08}. Best is trial 10 with value: 0.4581461868754962.
[I 2026-02-12 00:14:32,740] Trial 14 finished with value: 0.4952493282138013 and parameters: {'lr': 0.007832921114568405, 'weight_decay': 1.0722266765839723e-08}. Best is trial 10 with value: 0.4581461868754962.
[I 2026-02-12 00:16:48,999] Trial 15 finished with value: 0.4630016604955688 and parameters: {'lr': 0.0027337623894788765, 'weight_decay': 1.1932241505594307e-08}. Best is trial 10 with value: 0.4581461868754962.
[I 2026-02-12 00:19:06,120] Trial 16 finished with value: 0.45818145201174704 and parameters: {'lr': 0.0012220946418319055, 'weight_decay': 4.037733308961697e-06}. Best is trial 10 with value: 0.4581461868754962.
[I 2026-02-12 00:21:25,423] Trial 17 finished with value: 0.45998476607477007 and parameters: {'lr': 0.0003989318210978011, 'weight_decay': 4.63875433811746e-08}. Best is trial 10 with value: 0.4581461868754962.
[I 2026-02-12 00:23:41,671] Trial 18 finished with value: 0.4664357197990681 and parameters: {'lr': 0.0023976227274240727, 'weight_decay': 0.00014894370701800617}. Best is trial 10 with value: 0.4581461868754962.
[I 2026-02-12 00:25:57,215] Trial 19 finished with value: 0.45880774897913623 and parameters: {'lr': 0.0007783527966438618, 'weight_decay': 4.603271299715289e-07}. Best is trial 10 with value: 0.4581461868754962.
[I 2026-02-12 00:28:12,925] Trial 20 finished with value: 0.47391969802297856 and parameters: {'lr': 0.005779619274912726, 'weight_decay': 8.844905075633321e-06}. Best is trial 10 with value: 0.4581461868754962.
[I 2026-02-12 00:30:30,457] Trial 21 finished with value: 0.45813794945743563 and parameters: {'lr': 0.0011143946789835292, 'weight_decay': 1.319401063971453e-06}. Best is trial 21 with value: 0.45813794945743563.
[I 2026-02-12 00:32:47,355] Trial 22 finished with value: 0.4592902080953319 and parameters: {'lr': 0.001800055478731078, 'weight_decay': 3.620264201294022e-08}. Best is trial 21 with value: 0.45813794945743563.
[I 2026-02-12 00:35:04,058] Trial 23 finished with value: 0.46000966989693487 and parameters: {'lr': 0.0008719414010225633, 'weight_decay': 3.373862510148429e-05}. Best is trial 21 with value: 0.45813794945743563.
[I 2026-02-12 00:37:20,162] Trial 24 finished with value: 0.45958352069573527 and parameters: {'lr': 0.0005397368329877858, 'weight_decay': 2.2815177828352702e-06}. Best is trial 21 with value: 0.45813794945743563.
[I 2026-02-12 00:39:36,107] Trial 25 finished with value: 0.469863125261922 and parameters: {'lr': 0.003979652033697285, 'weight_decay': 4.2046421852085024e-07}. Best is trial 21 with value: 0.45813794945743563.
[I 2026-02-12 00:41:51,724] Trial 26 finished with value: 0.45822203168286607 and parameters: {'lr': 0.0012233144914060926, 'weight_decay': 5.038306877281617e-06}. Best is trial 21 with value: 0.45813794945743563.
[I 2026-02-12 00:44:08,751] Trial 27 finished with value: 0.46108859503378985 and parameters: {'lr': 0.0022801401885132002, 'weight_decay': 3.690395249254823e-08}. Best is trial 21 with value: 0.45813794945743563.
[I 2026-02-12 00:46:24,958] Trial 28 finished with value: 0.4672912354599077 and parameters: {'lr': 0.0005857451702638183, 'weight_decay': 0.00039860165960759223}. Best is trial 21 with value: 0.45813794945743563.
[I 2026-02-12 00:48:42,387] Trial 29 finished with value: 0.4597886216981116 and parameters: {'lr': 0.0004578845067890457, 'weight_decay': 9.079174305169614e-07}. Best is trial 21 with value: 0.45813794945743563.
[I 2026-02-12 00:50:58,963] Trial 30 finished with value: 0.46084113903048535 and parameters: {'lr': 0.00032757983595198286, 'weight_decay': 2.283495421013922e-05}. Best is trial 21 with value: 0.45813794945743563.
[I 2026-02-12 00:53:14,938] Trial 31 finished with value: 0.4581451869028456 and parameters: {'lr': 0.0011299878364005032, 'weight_decay': 2.3813186812410245e-07}. Best is trial 21 with value: 0.45813794945743563.
[I 2026-02-12 00:55:30,082] Trial 32 finished with value: 0.45820254549823514 and parameters: {'lr': 0.000974741760481069, 'weight_decay': 2.322384751822314e-07}. Best is trial 21 with value: 0.45813794945743563.
[I 2026-02-12 00:57:47,120] Trial 33 finished with value: 0.4590887455280803 and parameters: {'lr': 0.001739015711931324, 'weight_decay': 6.72107690170432e-08}. Best is trial 21 with value: 0.45813794945743563.
[I 2026-02-12 01:00:01,909] Trial 34 finished with value: 0.45917350867924356 and parameters: {'lr': 0.000670439273785331, 'weight_decay': 2.4686346781514765e-08}. Best is trial 21 with value: 0.45813794945743563.
[I 2026-02-12 01:02:18,761] Trial 35 finished with value: 0.45827816165580965 and parameters: {'lr': 0.0013802201137798466, 'weight_decay': 2.5151395174561456e-07}. Best is trial 21 with value: 0.45813794945743563.
[I 2026-02-12 01:04:35,909] Trial 36 finished with value: 0.46475248251935375 and parameters: {'lr': 0.003327528914795919, 'weight_decay': 3.4452942399552777e-06}. Best is trial 21 with value: 0.45813794945743563.
[I 2026-02-12 01:06:50,759] Trial 37 finished with value: 0.4597225917520099 and parameters: {'lr': 0.0019408299424555399, 'weight_decay': 1.2930943819984065e-07}. Best is trial 21 with value: 0.45813794945743563.
[I 2026-02-12 01:09:07,168] Trial 38 finished with value: 0.45850615132556727 and parameters: {'lr': 0.0009320335519444261, 'weight_decay': 1.1286733778828758e-06}. Best is trial 21 with value: 0.45813794945743563.
[I 2026-02-12 01:11:23,890] Trial 39 finished with value: 0.46111619971188256 and parameters: {'lr': 0.0002237612959790669, 'weight_decay': 9.636496810227876e-06}. Best is trial 21 with value: 0.45813794945743563.
[I 2026-02-12 01:13:40,544] Trial 40 finished with value: 0.4581927272810202 and parameters: {'lr': 0.001299758401003301, 'weight_decay': 9.222052054737647e-08}. Best is trial 21 with value: 0.45813794945743563.
[I 2026-02-12 01:15:56,467] Trial 41 finished with value: 0.4581947675836041 and parameters: {'lr': 0.0010642959799810879, 'weight_decay': 8.875397070417766e-07}. Best is trial 21 with value: 0.45813794945743563.
[I 2026-02-12 01:18:11,940] Trial 42 finished with value: 0.459147325247302 and parameters: {'lr': 0.0006714301670888307, 'weight_decay': 1.49532903452405e-06}. Best is trial 21 with value: 0.45813794945743563.
[I 2026-02-12 01:20:28,385] Trial 43 finished with value: 0.4581626913956196 and parameters: {'lr': 0.0010965442443152374, 'weight_decay': 4.815824099312206e-07}. Best is trial 21 with value: 0.45813794945743563.
[I 2026-02-12 01:22:43,752] Trial 44 finished with value: 0.4583357582248535 and parameters: {'lr': 0.001429435723061589, 'weight_decay': 3.178643155792907e-07}. Best is trial 21 with value: 0.45813794945743563.
[I 2026-02-12 01:25:01,895] Trial 45 finished with value: 0.4607788374934889 and parameters: {'lr': 0.002200591063993218, 'weight_decay': 1.7447519269002756e-08}. Best is trial 21 with value: 0.45813794945743563.
[I 2026-02-12 01:27:19,605] Trial 46 finished with value: 0.45850113593177855 and parameters: {'lr': 0.0008845097706017813, 'weight_decay': 1.6457143973095428e-07}. Best is trial 21 with value: 0.45813794945743563.
[I 2026-02-12 01:29:37,993] Trial 47 finished with value: 0.4824596375221832 and parameters: {'lr': 0.0002988092072471755, 'weight_decay': 0.0026058108754378907}. Best is trial 21 with value: 0.45813794945743563.
[I 2026-02-12 01:31:54,329] Trial 48 finished with value: 0.46172318560095 and parameters: {'lr': 0.0001722693994422328, 'weight_decay': 2.1129094239724846e-06}. Best is trial 21 with value: 0.45813794945743563.
[I 2026-02-12 01:34:11,550] Trial 49 finished with value: 0.4632840357951884 and parameters: {'lr': 0.0028756741433506802, 'weight_decay': 6.363386913587403e-07}. Best is trial 21 with value: 0.45813794945743563.
[I 2026-02-12 01:36:29,142] Trial 50 finished with value: 0.46118938520675495 and parameters: {'lr': 0.0011185831657079385, 'weight_decay': 7.160243969178863e-05}. Best is trial 21 with value: 0.45813794945743563.
[I 2026-02-12 01:38:46,843] Trial 51 finished with value: 0.458505659913228 and parameters: {'lr': 0.001492741536744558, 'weight_decay': 6.1172340746968635e-06}. Best is trial 21 with value: 0.45813794945743563.
[I 2026-02-12 01:41:02,775] Trial 52 finished with value: 0.4587950698304178 and parameters: {'lr': 0.0007911942614287457, 'weight_decay': 2.892827488011917e-06}. Best is trial 21 with value: 0.45813794945743563.
[I 2026-02-12 01:43:20,576] Trial 53 finished with value: 0.4581397708719535 and parameters: {'lr': 0.0011196323210080146, 'weight_decay': 6.406099241714725e-07}. Best is trial 21 with value: 0.45813794945743563.
[I 2026-02-12 01:45:37,933] Trial 54 finished with value: 0.4595125754411191 and parameters: {'lr': 0.0005536718393376904, 'weight_decay': 5.659476983906218e-07}. Best is trial 21 with value: 0.45813794945743563.
[I 2026-02-12 01:47:53,810] Trial 55 finished with value: 0.45961004599698446 and parameters: {'lr': 0.0019212040204141308, 'weight_decay': 3.501046502878472e-07}. Best is trial 21 with value: 0.45813794945743563.
[I 2026-02-12 01:50:10,489] Trial 56 finished with value: 0.45819087954661547 and parameters: {'lr': 0.001077715963193462, 'weight_decay': 7.216279898597996e-08}. Best is trial 21 with value: 0.45813794945743563.
[I 2026-02-12 01:52:26,148] Trial 57 finished with value: 0.4586156478052652 and parameters: {'lr': 0.001590111443863596, 'weight_decay': 8.174394177126827e-07}. Best is trial 21 with value: 0.45813794945743563.
[I 2026-02-12 01:54:42,990] Trial 58 finished with value: 0.45952025387779766 and parameters: {'lr': 0.0007468226361983453, 'weight_decay': 1.4681126351962068e-05}. Best is trial 21 with value: 0.45813794945743563.
[I 2026-02-12 01:56:58,606] Trial 59 finished with value: 0.4581703025427867 and parameters: {'lr': 0.0012706632160075942, 'weight_decay': 1.803032233312377e-07}. Best is trial 21 with value: 0.45813794945743563.
[I 2026-02-12 01:59:14,988] Trial 60 finished with value: 0.4597610846863315 and parameters: {'lr': 0.00046489969102546147, 'weight_decay': 1.0341195609324917e-07}. Best is trial 21 with value: 0.45813794945743563.
[I 2026-02-12 02:01:31,047] Trial 61 finished with value: 0.45828714059067555 and parameters: {'lr': 0.0010133668284886038, 'weight_decay': 1.4864164936159658e-06}. Best is trial 21 with value: 0.45813794945743563.
[I 2026-02-12 02:03:47,551] Trial 62 finished with value: 0.45866064073851115 and parameters: {'lr': 0.0008596282703691949, 'weight_decay': 1.2400172298875403e-06}. Best is trial 21 with value: 0.45813794945743563.
[I 2026-02-12 02:06:04,620] Trial 63 finished with value: 0.4582863789910062 and parameters: {'lr': 0.0011994428659774063, 'weight_decay': 6.5900544910619215e-06}. Best is trial 21 with value: 0.45813794945743563.
[I 2026-02-12 02:08:19,719] Trial 64 finished with value: 0.45913012493882416 and parameters: {'lr': 0.000681171729988245, 'weight_decay': 2.5058180141550156e-06}. Best is trial 21 with value: 0.45813794945743563.
[I 2026-02-12 02:10:37,019] Trial 65 finished with value: 0.46016062381546174 and parameters: {'lr': 0.002076296518255935, 'weight_decay': 4.7351515918179395e-07}. Best is trial 21 with value: 0.45813794945743563.
[I 2026-02-12 02:12:54,620] Trial 66 finished with value: 0.458542084216175 and parameters: {'lr': 0.0015618044385312209, 'weight_decay': 3.90164400662029e-06}. Best is trial 21 with value: 0.45813794945743563.
[I 2026-02-12 02:15:35,366] Trial 67 finished with value: 0.49309761654932394 and parameters: {'lr': 0.0025190969920898016, 'weight_decay': 0.009656482791446288}. Best is trial 21 with value: 0.45813794945743563.
[I 2026-02-12 02:17:50,689] Trial 68 finished with value: 0.4583933044220178 and parameters: {'lr': 0.0009259950917564462, 'weight_decay': 5.021414772903106e-08}. Best is trial 21 with value: 0.45813794945743563.
[I 2026-02-12 02:20:06,542] Trial 69 finished with value: 0.5055417566922334 and parameters: {'lr': 0.00923712643881263, 'weight_decay': 2.432491519384574e-07}. Best is trial 21 with value: 0.45813794945743563.
[I 2026-02-12 02:22:22,473] Trial 70 finished with value: 0.4590077392586268 and parameters: {'lr': 0.0017346451725922926, 'weight_decay': 7.07425932772288e-07}. Best is trial 21 with value: 0.45813794945743563.
[I 2026-02-12 02:24:39,532] Trial 71 finished with value: 0.4581783564574222 and parameters: {'lr': 0.001281815460148192, 'weight_decay': 1.6285132189499262e-07}. Best is trial 21 with value: 0.45813794945743563.
[I 2026-02-12 02:26:55,534] Trial 72 finished with value: 0.4581363703212014 and parameters: {'lr': 0.0011594409402335987, 'weight_decay': 2.2888468602928272e-08}. Best is trial 72 with value: 0.4581363703212014.
[I 2026-02-12 02:29:12,777] Trial 73 finished with value: 0.458181139737317 and parameters: {'lr': 0.0010631089154402907, 'weight_decay': 1.5542050256300302e-08}. Best is trial 72 with value: 0.4581363703212014.
[I 2026-02-12 02:31:27,845] Trial 74 finished with value: 0.4593061419904127 and parameters: {'lr': 0.0006271467166670217, 'weight_decay': 3.611295750282936e-08}. Best is trial 72 with value: 0.4581363703212014.
[I 2026-02-12 02:33:43,139] Trial 75 finished with value: 0.45870306403311245 and parameters: {'lr': 0.0008235425569407854, 'weight_decay': 2.1529154751458964e-08}. Best is trial 72 with value: 0.4581363703212014.
[I 2026-02-12 02:35:57,794] Trial 76 finished with value: 0.4581338881038968 and parameters: {'lr': 0.0011699135706826848, 'weight_decay': 2.7334230294093584e-08}. Best is trial 76 with value: 0.4581338881038968.
[I 2026-02-12 02:38:11,915] Trial 77 finished with value: 0.45822643287083925 and parameters: {'lr': 0.0013392224125641453, 'weight_decay': 1.1548816878025935e-08}. Best is trial 76 with value: 0.4581338881038968.
[I 2026-02-12 02:40:27,432] Trial 78 finished with value: 0.45813701485857616 and parameters: {'lr': 0.001194789605747719, 'weight_decay': 5.502062896822202e-08}. Best is trial 76 with value: 0.4581338881038968.
[I 2026-02-12 02:42:43,087] Trial 79 finished with value: 0.4588012628520714 and parameters: {'lr': 0.0016462387044036573, 'weight_decay': 2.4363813767257742e-08}. Best is trial 76 with value: 0.4581338881038968.
[I 2026-02-12 02:44:58,334] Trial 80 finished with value: 0.45813579781613667 and parameters: {'lr': 0.0011810412187477275, 'weight_decay': 4.964248877342696e-08}. Best is trial 76 with value: 0.4581338881038968.
[I 2026-02-12 02:47:13,244] Trial 81 finished with value: 0.45835720309200484 and parameters: {'lr': 0.0014405314909087263, 'weight_decay': 3.373358948853584e-08}. Best is trial 76 with value: 0.4581338881038968.
[I 2026-02-12 02:49:31,090] Trial 82 finished with value: 0.45832575225265776 and parameters: {'lr': 0.0009503574138523294, 'weight_decay': 4.7282042808846425e-08}. Best is trial 76 with value: 0.4581338881038968.
[I 2026-02-12 02:51:47,097] Trial 83 finished with value: 0.4581362422158671 and parameters: {'lr': 0.0011825889464411616, 'weight_decay': 5.9187631666982554e-08}. Best is trial 76 with value: 0.4581338881038968.
[I 2026-02-12 02:54:04,459] Trial 84 finished with value: 0.45813744411508966 and parameters: {'lr': 0.0011643537285032858, 'weight_decay': 6.864428301685876e-08}. Best is trial 76 with value: 0.4581338881038968.
[I 2026-02-12 02:56:20,239] Trial 85 finished with value: 0.45813894146761136 and parameters: {'lr': 0.001151625749264801, 'weight_decay': 6.163201543232696e-08}. Best is trial 76 with value: 0.4581338881038968.
[I 2026-02-12 02:58:35,768] Trial 86 finished with value: 0.45937173119249447 and parameters: {'lr': 0.0018281124118961645, 'weight_decay': 6.835141013808874e-08}. Best is trial 76 with value: 0.4581338881038968.
[I 2026-02-12 03:00:52,914] Trial 87 finished with value: 0.45896644177807094 and parameters: {'lr': 0.0007332015514899289, 'weight_decay': 1.0581776537295534e-07}. Best is trial 76 with value: 0.4581338881038968.
[I 2026-02-12 03:03:08,534] Trial 88 finished with value: 0.45813371276934095 and parameters: {'lr': 0.001177140375620533, 'weight_decay': 1.008201643242563e-08}. Best is trial 88 with value: 0.45813371276934095.
[I 2026-02-12 03:05:23,830] Trial 89 finished with value: 0.45835766799823324 and parameters: {'lr': 0.0014408853182757062, 'weight_decay': 1.6043002953553654e-08}. Best is trial 88 with value: 0.45813371276934095.
[I 2026-02-12 03:07:41,760] Trial 90 finished with value: 0.45815001228671465 and parameters: {'lr': 0.001232691630076634, 'weight_decay': 2.999183625426817e-08}. Best is trial 88 with value: 0.45813371276934095.
[I 2026-02-12 03:09:58,425] Trial 91 finished with value: 0.4582533789543102 and parameters: {'lr': 0.0009819263544204337, 'weight_decay': 1.0199902184183612e-08}. Best is trial 88 with value: 0.45813371276934095.
[I 2026-02-12 03:12:17,979] Trial 92 finished with value: 0.45813599895269463 and parameters: {'lr': 0.0011663798226279767, 'weight_decay': 5.139948195550209e-08}. Best is trial 88 with value: 0.45813371276934095.
[I 2026-02-12 03:14:32,110] Trial 93 finished with value: 0.4586162823634341 and parameters: {'lr': 0.0008502896042932954, 'weight_decay': 5.6615332039020625e-08}. Best is trial 88 with value: 0.45813371276934095.
[I 2026-02-12 03:16:47,114] Trial 94 finished with value: 0.4581371645236528 and parameters: {'lr': 0.0011536871251446512, 'weight_decay': 2.0870022177431295e-08}. Best is trial 88 with value: 0.45813371276934095.
[I 2026-02-12 03:19:02,643] Trial 95 finished with value: 0.45831661422413 and parameters: {'lr': 0.0014110074401773073, 'weight_decay': 2.1315283594848075e-08}. Best is trial 88 with value: 0.45813371276934095.
[I 2026-02-12 03:21:18,710] Trial 96 finished with value: 0.4582337496495075 and parameters: {'lr': 0.000993994394563458, 'weight_decay': 4.361592965748962e-08}. Best is trial 88 with value: 0.45813371276934095.
[I 2026-02-12 03:23:36,681] Trial 97 finished with value: 0.4586140976455076 and parameters: {'lr': 0.0015761251451690775, 'weight_decay': 2.6760223480506784e-08}. Best is trial 88 with value: 0.45813371276934095.
[I 2026-02-12 03:25:53,021] Trial 98 finished with value: 0.46002648203585095 and parameters: {'lr': 0.0020146376002007386, 'weight_decay': 8.354023798285944e-08}. Best is trial 88 with value: 0.45813371276934095.
[I 2026-02-12 03:28:07,605] Trial 99 finished with value: 0.45813583927141865 and parameters: {'lr': 0.0011975621984111461, 'weight_decay': 1.867475957968817e-08}. Best is trial 88 with value: 0.45813371276934095.
Loaded rows [1200000, 1400000) in 5.6s
RESULT sl_integer_basis best_trial_val_logloss= 0.458134 final_val_logloss= 0.458134 final_test_logloss= 0.458402

Wrote summary: journal/2026-02-11_optuna_transfer_1m_reuse_sl_conductance/results.json
