/home/alex/git/intfeat/.venv/lib/python3.12/site-packages/joblib/_multiprocessing_helpers.py:44: UserWarning: [Errno 13] Permission denied.  joblib will operate in serial mode
  warnings.warn("%s.  joblib will operate in serial mode" % (e,))
Loaded rows [0, 400000) in 8.6s
Loaded rows [400000, 800000) in 8.8s
Loaded rows [800000, 1200000) in 9.4s
[I 2026-02-11 06:31:53,091] Using an existing study with name 'sl_optuna_u_exp_valley_400k_60t' instead of creating a new one.
Study 'sl_optuna_u_exp_valley_400k_60t': completed_before=25, target=100, running_now=75
/home/alex/git/intfeat/.venv/lib/python3.12/site-packages/torch/cuda/__init__.py:182: UserWarning: CUDA initialization: The NVIDIA driver on your system is too old (found version 11040). Please update your GPU driver by downloading and installing a new version from the URL: http://www.nvidia.com/Download/index.aspx Alternatively, go to: https://pytorch.org to install a PyTorch version that has been compiled with your version of the CUDA driver. (Triggered internally at /pytorch/c10/cuda/CUDAFunctions.cpp:109.)
  return torch._C._cuda_getDeviceCount() > 0
[I 2026-02-11 06:33:33,314] Trial 26 finished with value: 0.4728342644641263 and parameters: {'lr': 0.0009953378597196434, 'weight_decay': 1.019335187390307e-08, 'sl_u0': 0.007547319316293044, 'sl_left_slope': 1.5375875875538796, 'sl_right_slope': 10.525422312106883}. Best is trial 4 with value: 0.4720136818700594.
[I 2026-02-11 06:35:11,519] Trial 27 finished with value: 0.4734772355708493 and parameters: {'lr': 0.0021880417059435132, 'weight_decay': 4.613770325688556e-08, 'sl_u0': 0.4576643077916305, 'sl_left_slope': 1.3746475891858256, 'sl_right_slope': 4.0979678862289814}. Best is trial 4 with value: 0.4720136818700594.
[I 2026-02-11 06:36:51,250] Trial 28 finished with value: 0.4850701343361457 and parameters: {'lr': 0.0052221955156406845, 'weight_decay': 3.0528740137090985e-07, 'sl_u0': 0.3586195035853157, 'sl_left_slope': 1.3842766167923246, 'sl_right_slope': 0.624765785267513}. Best is trial 4 with value: 0.4720136818700594.
[I 2026-02-11 06:38:28,060] Trial 29 finished with value: 0.4729354522936784 and parameters: {'lr': 0.0012467013274359195, 'weight_decay': 9.138865622387868e-08, 'sl_u0': 0.10514709954146575, 'sl_left_slope': 7.807544186604018, 'sl_right_slope': 1.0620476236594747}. Best is trial 4 with value: 0.4720136818700594.
[I 2026-02-11 06:40:06,431] Trial 30 finished with value: 0.48020576264337955 and parameters: {'lr': 0.0007454071663994172, 'weight_decay': 0.0005559231881814445, 'sl_u0': 0.6090738634337447, 'sl_left_slope': 0.5785732422471402, 'sl_right_slope': 11.403786192827644}. Best is trial 4 with value: 0.4720136818700594.
[I 2026-02-11 06:41:43,119] Trial 31 finished with value: 0.4752038789327575 and parameters: {'lr': 0.002166241838471223, 'weight_decay': 1.9415993378574435e-08, 'sl_u0': 0.9960165317474357, 'sl_left_slope': 0.37382893984784155, 'sl_right_slope': 5.611684831420611}. Best is trial 4 with value: 0.4720136818700594.
[I 2026-02-11 06:43:21,067] Trial 32 finished with value: 0.4726611835993618 and parameters: {'lr': 0.0017177921768573258, 'weight_decay': 2.158690566279273e-07, 'sl_u0': 0.236255601731975, 'sl_left_slope': 0.20314192976726492, 'sl_right_slope': 2.4947113987895815}. Best is trial 4 with value: 0.4720136818700594.
[I 2026-02-11 06:44:58,235] Trial 33 finished with value: 0.47431232667970796 and parameters: {'lr': 0.0004169408564985973, 'weight_decay': 2.673886850907725e-08, 'sl_u0': 0.240328400975801, 'sl_left_slope': 0.20864717215550396, 'sl_right_slope': 1.8253273361766118}. Best is trial 4 with value: 0.4720136818700594.
[I 2026-02-11 06:46:34,986] Trial 34 finished with value: 0.4758778148499809 and parameters: {'lr': 0.003186719923981012, 'weight_decay': 7.85680907071284e-08, 'sl_u0': 0.2348323284979048, 'sl_left_slope': 0.28180842318468197, 'sl_right_slope': 2.887735341561513}. Best is trial 4 with value: 0.4720136818700594.
[I 2026-02-11 06:48:14,924] Trial 35 finished with value: 0.4717266761299534 and parameters: {'lr': 0.0017712641824756783, 'weight_decay': 1.5946227851910192e-06, 'sl_u0': 0.12714125920232416, 'sl_left_slope': 0.10599526233947935, 'sl_right_slope': 3.508157381375444}. Best is trial 35 with value: 0.4717266761299534.
[I 2026-02-11 06:49:52,991] Trial 36 finished with value: 0.4727654849750451 and parameters: {'lr': 0.0012121673262797984, 'weight_decay': 1.781201285771766e-06, 'sl_u0': 0.13716737000584378, 'sl_left_slope': 0.9684652045166582, 'sl_right_slope': 3.759010176591282}. Best is trial 35 with value: 0.4717266761299534.
[I 2026-02-11 06:51:32,961] Trial 37 finished with value: 0.4736908743584306 and parameters: {'lr': 0.0007597026548686461, 'weight_decay': 2.013294091808796e-05, 'sl_u0': 0.07818696048163443, 'sl_left_slope': 0.10546778432301718, 'sl_right_slope': 1.3763964546731722}. Best is trial 35 with value: 0.4717266761299534.
[I 2026-02-11 06:53:11,851] Trial 38 finished with value: 0.4837837303536797 and parameters: {'lr': 0.004560676850328788, 'weight_decay': 5.72585181803414e-07, 'sl_u0': 0.3400331552745614, 'sl_left_slope': 1.6639543002110486, 'sl_right_slope': 0.10821180171722686}. Best is trial 35 with value: 0.4717266761299534.
[I 2026-02-11 06:54:48,405] Trial 39 finished with value: 0.4726302706079713 and parameters: {'lr': 0.0019392899946490886, 'weight_decay': 2.0319409612735335e-08, 'sl_u0': 0.05556593741636762, 'sl_left_slope': 4.120719124098815, 'sl_right_slope': 0.32567723469899895}. Best is trial 35 with value: 0.4717266761299534.
[I 2026-02-11 06:56:27,861] Trial 40 finished with value: 0.47626743942989297 and parameters: {'lr': 0.0032759886616055833, 'weight_decay': 1.1310533686061002e-07, 'sl_u0': 0.5492906718863886, 'sl_left_slope': 0.14259085400494675, 'sl_right_slope': 0.5880411520240854}. Best is trial 35 with value: 0.4717266761299534.
[I 2026-02-11 06:58:06,270] Trial 41 finished with value: 0.4855560483060588 and parameters: {'lr': 0.006387255624731285, 'weight_decay': 1.86306417931826e-05, 'sl_u0': 0.13228048523382469, 'sl_left_slope': 3.1791220976052426, 'sl_right_slope': 0.16124757821339994}. Best is trial 35 with value: 0.4717266761299534.
[I 2026-02-11 06:59:43,068] Trial 42 finished with value: 0.47283959998928976 and parameters: {'lr': 0.0014915658552445534, 'weight_decay': 4.3693007830602813e-07, 'sl_u0': 0.21862012703824962, 'sl_left_slope': 0.1510205330976467, 'sl_right_slope': 2.230452768113607}. Best is trial 35 with value: 0.4717266761299534.
[I 2026-02-11 07:01:21,684] Trial 43 finished with value: 0.47237276141101014 and parameters: {'lr': 0.0018549715440099128, 'weight_decay': 1.3755283676220687e-06, 'sl_u0': 0.2727650360674287, 'sl_left_slope': 0.7694335718969315, 'sl_right_slope': 3.473981685217788}. Best is trial 35 with value: 0.4717266761299534.
[I 2026-02-11 07:02:59,038] Trial 44 finished with value: 0.4743596809547777 and parameters: {'lr': 0.0027542405113680315, 'weight_decay': 1.5345509803437136e-06, 'sl_u0': 0.43379806188108894, 'sl_left_slope': 0.7915085648459668, 'sl_right_slope': 3.3992308463627}. Best is trial 35 with value: 0.4717266761299534.
[I 2026-02-11 07:04:38,870] Trial 45 finished with value: 0.4730465799222927 and parameters: {'lr': 0.001143385386814016, 'weight_decay': 5.005370387958293e-06, 'sl_u0': 0.31665618048987243, 'sl_left_slope': 0.4796036046795574, 'sl_right_slope': 4.813468546140452}. Best is trial 35 with value: 0.4717266761299534.
[I 2026-02-11 07:06:17,279] Trial 46 finished with value: 0.4735270319180663 and parameters: {'lr': 0.0008686074559236816, 'weight_decay': 3.437850629198021e-06, 'sl_u0': 0.16086847376116709, 'sl_left_slope': 2.0150566434681654, 'sl_right_slope': 1.2562333657647784}. Best is trial 35 with value: 0.4717266761299534.
[I 2026-02-11 07:07:55,532] Trial 47 finished with value: 0.47278247277317137 and parameters: {'lr': 0.0014003727178204728, 'weight_decay': 1.0765498168142435e-06, 'sl_u0': 0.2911999570678442, 'sl_left_slope': 1.0767077781050363, 'sl_right_slope': 6.724559597746255}. Best is trial 35 with value: 0.4717266761299534.
[I 2026-02-11 07:09:32,031] Trial 48 finished with value: 0.4788837261457291 and parameters: {'lr': 0.003793491703433972, 'weight_decay': 2.0719578154782027e-08, 'sl_u0': 0.2746723369840117, 'sl_left_slope': 0.5442981039042021, 'sl_right_slope': 11.933449203642992}. Best is trial 35 with value: 0.4717266761299534.
[I 2026-02-11 07:11:09,830] Trial 49 finished with value: 0.4748907574556873 and parameters: {'lr': 0.0005822196499129809, 'weight_decay': 1.1319765442999933e-05, 'sl_u0': 0.48846333808735043, 'sl_left_slope': 0.35960346988930386, 'sl_right_slope': 5.294976992455589}. Best is trial 35 with value: 0.4717266761299534.
[I 2026-02-11 07:12:48,449] Trial 50 finished with value: 0.47240552704535127 and parameters: {'lr': 0.002198278148164708, 'weight_decay': 1.1557672910247496e-07, 'sl_u0': 0.1029800844068263, 'sl_left_slope': 0.6793047061041884, 'sl_right_slope': 3.2773543417011757}. Best is trial 35 with value: 0.4717266761299534.
[I 2026-02-11 07:14:30,236] Trial 51 finished with value: 0.47267416708892707 and parameters: {'lr': 0.002267419729052163, 'weight_decay': 4.1424938541018437e-07, 'sl_u0': 0.003316925226628742, 'sl_left_slope': 0.7867786715628251, 'sl_right_slope': 2.874465606853591}. Best is trial 35 with value: 0.4717266761299534.
[I 2026-02-11 07:16:29,152] Trial 52 finished with value: 0.4720688299285147 and parameters: {'lr': 0.0017964698383061736, 'weight_decay': 1.1864084176668743e-07, 'sl_u0': 0.08155183825135279, 'sl_left_slope': 0.6923170316703292, 'sl_right_slope': 1.832126235970631}. Best is trial 35 with value: 0.4717266761299534.
[I 2026-02-11 07:18:15,781] Trial 53 finished with value: 0.4810857535229507 and parameters: {'lr': 0.0001295116149408357, 'weight_decay': 1.2165684079905493e-07, 'sl_u0': 0.10038159421758872, 'sl_left_slope': 1.1945635045366725, 'sl_right_slope': 1.9987207505420286}. Best is trial 35 with value: 0.4717266761299534.
[I 2026-02-11 07:19:55,970] Trial 54 finished with value: 0.47224678579548707 and parameters: {'lr': 0.0019650342811246635, 'weight_decay': 1.7059898858482282e-07, 'sl_u0': 0.17467332761565296, 'sl_left_slope': 0.6758402525732206, 'sl_right_slope': 3.483848411183312}. Best is trial 35 with value: 0.4717266761299534.
[I 2026-02-11 07:21:38,070] Trial 55 finished with value: 0.47295567052364945 and parameters: {'lr': 0.0014744926585120895, 'weight_decay': 6.195294003821279e-08, 'sl_u0': 0.187562827223268, 'sl_left_slope': 2.010261947766997, 'sl_right_slope': 1.4962070180165088}. Best is trial 35 with value: 0.4717266761299534.
[I 2026-02-11 07:23:21,495] Trial 56 finished with value: 0.4721182756493751 and parameters: {'lr': 0.0018753126971798421, 'weight_decay': 1.6775004387192444e-07, 'sl_u0': 0.06990127744554014, 'sl_left_slope': 0.4301024882846274, 'sl_right_slope': 1.1544478730811158}. Best is trial 35 with value: 0.4717266761299534.
[I 2026-02-11 07:25:02,269] Trial 57 finished with value: 0.4747261857280795 and parameters: {'lr': 0.0029380980765167947, 'weight_decay': 1.9197951489605264e-07, 'sl_u0': 0.04299100210246751, 'sl_left_slope': 0.47643668056859545, 'sl_right_slope': 1.1213318127702776}. Best is trial 35 with value: 0.4717266761299534.
[I 2026-02-11 07:26:44,284] Trial 58 finished with value: 0.47313635177227814 and parameters: {'lr': 0.0009269400302551493, 'weight_decay': 7.582078811756942e-07, 'sl_u0': 0.06438899662493584, 'sl_left_slope': 0.3179368941285153, 'sl_right_slope': 0.8448661621070549}. Best is trial 35 with value: 0.4717266761299534.
[I 2026-02-11 07:28:24,522] Trial 59 finished with value: 0.4733335308013887 and parameters: {'lr': 0.002522397297497122, 'weight_decay': 5.5064667597498854e-08, 'sl_u0': 0.18050414539772247, 'sl_left_slope': 1.2285998978022326, 'sl_right_slope': 0.7203600285149646}. Best is trial 35 with value: 0.4717266761299534.
[I 2026-02-11 07:30:04,608] Trial 60 finished with value: 0.47253577651728296 and parameters: {'lr': 0.001286331902380903, 'weight_decay': 3.073707806119674e-08, 'sl_u0': 0.021507016401544787, 'sl_left_slope': 0.2702615240648325, 'sl_right_slope': 0.4745247478250316}. Best is trial 35 with value: 0.4717266761299534.
[I 2026-02-11 07:31:44,954] Trial 61 finished with value: 0.4725584703746582 and parameters: {'lr': 0.0020577287003560054, 'weight_decay': 3.6996913296892676e-07, 'sl_u0': 0.13185878123260217, 'sl_left_slope': 0.9287233478582413, 'sl_right_slope': 1.8396640837187734}. Best is trial 35 with value: 0.4717266761299534.
[I 2026-02-11 07:33:25,953] Trial 62 finished with value: 0.4723389437843651 and parameters: {'lr': 0.0018492035748150855, 'weight_decay': 1.7211403352666424e-07, 'sl_u0': 0.27039064878359564, 'sl_left_slope': 0.42579722925381236, 'sl_right_slope': 2.699949204115494}. Best is trial 35 with value: 0.4717266761299534.
[I 2026-02-11 07:35:07,502] Trial 63 finished with value: 0.47226068568361823 and parameters: {'lr': 0.0015567817472314292, 'weight_decay': 1.620915755641552e-07, 'sl_u0': 0.20359419141428872, 'sl_left_slope': 0.3987226414097351, 'sl_right_slope': 2.632939033857821}. Best is trial 35 with value: 0.4717266761299534.
[I 2026-02-11 07:36:47,050] Trial 64 finished with value: 0.4722810979779003 and parameters: {'lr': 0.0015789398037687524, 'weight_decay': 1.4018294053985669e-07, 'sl_u0': 0.08782935026769732, 'sl_left_slope': 0.4069745819156278, 'sl_right_slope': 1.2883283125053238}. Best is trial 35 with value: 0.4717266761299534.
[I 2026-02-11 07:38:28,984] Trial 65 finished with value: 0.4727751558358848 and parameters: {'lr': 0.0010916483031343793, 'weight_decay': 5.120759334338201e-07, 'sl_u0': 0.0757236305235825, 'sl_left_slope': 0.383184616859278, 'sl_right_slope': 0.9296269559300827}. Best is trial 35 with value: 0.4717266761299534.
[I 2026-02-11 07:40:08,950] Trial 66 finished with value: 0.4724975256331515 and parameters: {'lr': 0.0015242231344423898, 'weight_decay': 1.572571493234354e-07, 'sl_u0': 0.12250213177178301, 'sl_left_slope': 0.25082800725297016, 'sl_right_slope': 1.276952551298053}. Best is trial 35 with value: 0.4717266761299534.
[I 2026-02-11 07:41:50,806] Trial 67 finished with value: 0.47325271686624454 and parameters: {'lr': 0.002445650761133428, 'weight_decay': 3.205113361766639e-07, 'sl_u0': 0.16834139339813858, 'sl_left_slope': 0.6531870288351079, 'sl_right_slope': 1.5800457223014124}. Best is trial 35 with value: 0.4717266761299534.
[I 2026-02-11 07:43:31,772] Trial 68 finished with value: 0.47257852698703473 and parameters: {'lr': 0.0013167034442169762, 'weight_decay': 7.634753922741322e-08, 'sl_u0': 0.031727131243961953, 'sl_left_slope': 0.1842390342785154, 'sl_right_slope': 1.1750002525045549}. Best is trial 35 with value: 0.4717266761299534.
[I 2026-02-11 07:45:49,786] Trial 69 finished with value: 0.4947628951090932 and parameters: {'lr': 0.0035244985777600052, 'weight_decay': 0.003996668152754591, 'sl_u0': 0.0851448501776686, 'sl_left_slope': 0.5242656450987052, 'sl_right_slope': 2.0792156768416485}. Best is trial 35 with value: 0.4717266761299534.
[I 2026-02-11 07:47:29,999] Trial 70 finished with value: 0.47245335687893486 and parameters: {'lr': 0.0017340364393469664, 'weight_decay': 4.3468109318646675e-08, 'sl_u0': 0.2142236462256282, 'sl_left_slope': 0.34303238766628, 'sl_right_slope': 4.140274554467823}. Best is trial 35 with value: 0.4717266761299534.
[I 2026-02-11 07:49:11,301] Trial 71 finished with value: 0.47231525214820097 and parameters: {'lr': 0.001591449893087884, 'weight_decay': 2.611299207987505e-07, 'sl_u0': 0.14880470814394586, 'sl_left_slope': 0.45355357991785994, 'sl_right_slope': 1.670296075943052}. Best is trial 35 with value: 0.4717266761299534.
[I 2026-02-11 07:50:59,132] Trial 72 finished with value: 0.4733346450380984 and parameters: {'lr': 0.0016390490021853308, 'weight_decay': 2.659338623536572e-07, 'sl_u0': 0.7539987988618739, 'sl_left_slope': 0.42822515136727246, 'sl_right_slope': 1.6874975315196126}. Best is trial 35 with value: 0.4717266761299534.
[I 2026-02-11 07:52:40,620] Trial 73 finished with value: 0.47255315766996153 and parameters: {'lr': 0.0019850342221908873, 'weight_decay': 1.3431497041484423e-07, 'sl_u0': 0.15854889974306524, 'sl_left_slope': 0.29580811252392075, 'sl_right_slope': 0.9840878207806427}. Best is trial 35 with value: 0.4717266761299534.
[I 2026-02-11 07:54:21,206] Trial 74 finished with value: 0.4735081719737334 and parameters: {'lr': 0.002707454725319323, 'weight_decay': 8.302574568608429e-08, 'sl_u0': 0.11725109697781191, 'sl_left_slope': 0.12914390668990042, 'sl_right_slope': 1.403459481001023}. Best is trial 35 with value: 0.4717266761299534.
[I 2026-02-11 07:56:01,046] Trial 75 finished with value: 0.4727536877993523 and parameters: {'lr': 0.00115612369456385, 'weight_decay': 7.626210485327672e-07, 'sl_u0': 0.05910213703269482, 'sl_left_slope': 0.6200452988769669, 'sl_right_slope': 0.7300032281264197}. Best is trial 35 with value: 0.4717266761299534.
[I 2026-02-11 07:57:40,722] Trial 76 finished with value: 0.4735399687463203 and parameters: {'lr': 0.0008525935994876032, 'weight_decay': 2.5994266931362436e-07, 'sl_u0': 0.1991663819576871, 'sl_left_slope': 0.7224253637788662, 'sl_right_slope': 2.5402757794994315}. Best is trial 35 with value: 0.4717266761299534.
[I 2026-02-11 07:59:20,876] Trial 77 finished with value: 0.47270225700493085 and parameters: {'lr': 0.001367485976111181, 'weight_decay': 2.179800786656305e-06, 'sl_u0': 0.15671304178764103, 'sl_left_slope': 0.17653891315387407, 'sl_right_slope': 1.8257746797783119}. Best is trial 35 with value: 0.4717266761299534.
[I 2026-02-11 08:01:00,948] Trial 78 finished with value: 0.4721708870324877 and parameters: {'lr': 0.0015868985674256744, 'weight_decay': 5.4953574930724554e-08, 'sl_u0': 0.09597932340131424, 'sl_left_slope': 0.5037679447248039, 'sl_right_slope': 0.5881599749400114}. Best is trial 35 with value: 0.4717266761299534.
[I 2026-02-11 08:02:40,026] Trial 79 finished with value: 0.47320713139398707 and parameters: {'lr': 0.0010278283649674813, 'weight_decay': 1.7149443534226673e-08, 'sl_u0': 0.03289180434197372, 'sl_left_slope': 6.078784284199378, 'sl_right_slope': 0.41515126986227}. Best is trial 35 with value: 0.4717266761299534.
[I 2026-02-11 08:04:20,247] Trial 80 finished with value: 0.47224412364329177 and parameters: {'lr': 0.0020015166566803165, 'weight_decay': 5.3067842270245086e-08, 'sl_u0': 0.10434003876266756, 'sl_left_slope': 0.5410620928580039, 'sl_right_slope': 0.5973819484398166}. Best is trial 35 with value: 0.4717266761299534.
[I 2026-02-11 08:06:00,949] Trial 81 finished with value: 0.473132621072091 and parameters: {'lr': 0.0023653061993678926, 'weight_decay': 4.643184577588328e-08, 'sl_u0': 0.25207729461373773, 'sl_left_slope': 0.8904394459231052, 'sl_right_slope': 0.6181838391160472}. Best is trial 35 with value: 0.4717266761299534.
[I 2026-02-11 08:07:41,959] Trial 82 finished with value: 0.47250617692180213 and parameters: {'lr': 0.001936418202185979, 'weight_decay': 3.0786857653005936e-08, 'sl_u0': 0.08457446044431949, 'sl_left_slope': 0.5364570476139674, 'sl_right_slope': 0.5051473641680103}. Best is trial 35 with value: 0.4717266761299534.
[I 2026-02-11 08:09:22,933] Trial 83 finished with value: 0.472162543032479 and parameters: {'lr': 0.00213166618523838, 'weight_decay': 7.362124013563396e-08, 'sl_u0': 0.11035029696758014, 'sl_left_slope': 0.5930684156957267, 'sl_right_slope': 0.2894776750518019}. Best is trial 35 with value: 0.4717266761299534.
[I 2026-02-11 08:11:02,142] Trial 84 finished with value: 0.47451903937744294 and parameters: {'lr': 0.002994330835061885, 'weight_decay': 6.126091222587932e-08, 'sl_u0': 0.12155525702336858, 'sl_left_slope': 0.6028852182545154, 'sl_right_slope': 0.27873275262749886}. Best is trial 35 with value: 0.4717266761299534.
[I 2026-02-11 08:12:41,058] Trial 85 finished with value: 0.47305672919587655 and parameters: {'lr': 0.00214839506073405, 'weight_decay': 7.145088457608753e-08, 'sl_u0': 0.20510857096436969, 'sl_left_slope': 0.5015627751807107, 'sl_right_slope': 0.16371242960632598}. Best is trial 35 with value: 0.4717266761299534.
[I 2026-02-11 08:14:20,997] Trial 86 finished with value: 0.47342822838394494 and parameters: {'lr': 0.0026459240252122746, 'weight_decay': 9.51432949770182e-08, 'sl_u0': 0.05379104289893472, 'sl_left_slope': 0.8340912541125145, 'sl_right_slope': 0.20043572159048068}. Best is trial 35 with value: 0.4717266761299534.
[I 2026-02-11 08:16:02,022] Trial 87 finished with value: 0.47225456638040647 and parameters: {'lr': 0.0017485107557302622, 'weight_decay': 3.7773982409257215e-08, 'sl_u0': 0.00701577528168465, 'sl_left_slope': 0.7000695231550216, 'sl_right_slope': 0.3092979357839753}. Best is trial 35 with value: 0.4717266761299534.
[I 2026-02-11 08:17:43,531] Trial 88 finished with value: 0.4724869968550655 and parameters: {'lr': 0.0017927711851286872, 'weight_decay': 1.304413734586388e-08, 'sl_u0': 0.024453312011020148, 'sl_left_slope': 1.0886606552087477, 'sl_right_slope': 0.21645461139539007}. Best is trial 35 with value: 0.4717266761299534.
[I 2026-02-11 08:19:24,942] Trial 89 finished with value: 0.47600249286717883 and parameters: {'lr': 0.0033765655905958493, 'weight_decay': 3.612019989480888e-08, 'sl_u0': 0.10939120669214368, 'sl_left_slope': 0.7127474827748727, 'sl_right_slope': 0.3529735069943819}. Best is trial 35 with value: 0.4717266761299534.
[I 2026-02-11 08:21:05,051] Trial 90 finished with value: 0.472335713573825 and parameters: {'lr': 0.0019932336000959556, 'weight_decay': 2.441684219072316e-08, 'sl_u0': 0.017881440771040202, 'sl_left_slope': 0.5867960387853558, 'sl_right_slope': 0.27255682510483187}. Best is trial 35 with value: 0.4717266761299534.
[I 2026-02-11 08:22:46,241] Trial 91 finished with value: 0.48216954622235725 and parameters: {'lr': 0.0046348091130577335, 'weight_decay': 4.446016747610316e-08, 'sl_u0': 0.050163265993758206, 'sl_left_slope': 1.283456221873784, 'sl_right_slope': 0.419701098487496}. Best is trial 35 with value: 0.4717266761299534.
[I 2026-02-11 08:24:28,298] Trial 92 finished with value: 0.472445907000525 and parameters: {'lr': 0.0013899230289251695, 'weight_decay': 1.6015025091923016e-08, 'sl_u0': 0.0021001360673124497, 'sl_left_slope': 19.251315603129065, 'sl_right_slope': 0.5161481899363385}. Best is trial 35 with value: 0.4717266761299534.
[I 2026-02-11 08:26:08,851] Trial 93 finished with value: 0.4726163973218443 and parameters: {'lr': 0.002375337049677978, 'weight_decay': 9.906476640447828e-08, 'sl_u0': 0.1381232009076524, 'sl_left_slope': 0.6627398442095115, 'sl_right_slope': 0.3216582449476416}. Best is trial 35 with value: 0.4717266761299534.
[I 2026-02-11 08:27:50,298] Trial 94 finished with value: 0.47196185214781916 and parameters: {'lr': 0.0017146267804166097, 'weight_decay': 1.7322167881857487e-07, 'sl_u0': 0.17613978033946592, 'sl_left_slope': 0.3195734212560153, 'sl_right_slope': 3.6923047354513603}. Best is trial 35 with value: 0.4717266761299534.
[I 2026-02-11 08:29:39,290] Trial 95 finished with value: 0.47312297317388374 and parameters: {'lr': 0.0012072046371628792, 'weight_decay': 5.876011073841009e-08, 'sl_u0': 0.1761273819099423, 'sl_left_slope': 1.0233491470429124, 'sl_right_slope': 0.8407314439048413}. Best is trial 35 with value: 0.4717266761299534.
[I 2026-02-11 08:31:23,526] Trial 96 finished with value: 0.47202273737925293 and parameters: {'lr': 0.0020804835428452095, 'weight_decay': 2.0155052678343309e-07, 'sl_u0': 0.09774216398909848, 'sl_left_slope': 0.24017059700733362, 'sl_right_slope': 5.87639456110857}. Best is trial 35 with value: 0.4717266761299534.
[I 2026-02-11 08:33:04,634] Trial 97 finished with value: 0.4721988466013367 and parameters: {'lr': 0.002142184364599545, 'weight_decay': 1.886047493947504e-07, 'sl_u0': 0.07562301804515414, 'sl_left_slope': 0.3566204235396421, 'sl_right_slope': 6.052531157487201}. Best is trial 35 with value: 0.4717266761299534.
[I 2026-02-11 08:34:47,257] Trial 98 finished with value: 0.47494892548629547 and parameters: {'lr': 0.0029615050182382635, 'weight_decay': 5.334818007700112e-07, 'sl_u0': 0.10018655934838569, 'sl_left_slope': 0.24211223102100113, 'sl_right_slope': 7.435493909996338}. Best is trial 35 with value: 0.4717266761299534.
[I 2026-02-11 08:36:29,492] Trial 99 finished with value: 0.4722526078280512 and parameters: {'lr': 0.002228630196296339, 'weight_decay': 1.0915269721124983e-06, 'sl_u0': 0.06886894402772048, 'sl_left_slope': 0.11647318893088693, 'sl_right_slope': 5.284131408078742}. Best is trial 35 with value: 0.4717266761299534.
[I 2026-02-11 08:38:09,194] Trial 100 finished with value: 0.47361422244086127 and parameters: {'lr': 0.0026134842306772504, 'weight_decay': 3.682954038409811e-07, 'sl_u0': 0.14038795456819406, 'sl_left_slope': 0.3290132866537113, 'sl_right_slope': 8.634558308013734}. Best is trial 35 with value: 0.4717266761299534.
RESULT sl_integer_basis best_trial_val_logloss= 0.471727 final_val_logloss= 0.471727 final_test_logloss= 0.466571
Wrote summary: journal/2026-02-11_sl_optuna_u_exp_valley_continue_400k_to100/results.json
Wrote checkpoint: journal/2026-02-11_sl_optuna_u_exp_valley_continue_400k_to100/checkpoint.json
